User belongs to experiment group 'ShowPlayIcon - start'
User belongs to experiment group 'ShowExtensionSurveyPrompt - control'
User belongs to experiment group 'DebugAdapterFactory - experiment'
User belongs to experiment group 'PtvsdWheels37 - experiment'
User belongs to experiment group 'UseTerminalToGetActivatedEnvVars - control'
User belongs to experiment group 'AA_testing - control'
User belongs to experiment group 'WebHostNotebook - control'
User belongs to experiment group 'LocalZMQKernel - control'
User belongs to experiment group 'CollectLSRequestTiming - control'
User belongs to experiment group 'CollectNodeLSRequestTiming - experiment'
User belongs to experiment group 'EnableIPyWidgets - experiment'
> conda --version
> pyenv root
> python3.7 ~/.vscode/extensions/ms-python.python-2020.4.74986/pythonFiles/pyvsc-run-isolated.py -c "import sys;print(sys.executable)"
> python3.6 ~/.vscode/extensions/ms-python.python-2020.4.74986/pythonFiles/pyvsc-run-isolated.py -c "import sys;print(sys.executable)"
> python3 ~/.vscode/extensions/ms-python.python-2020.4.74986/pythonFiles/pyvsc-run-isolated.py -c "import sys;print(sys.executable)"
> python2 ~/.vscode/extensions/ms-python.python-2020.4.74986/pythonFiles/pyvsc-run-isolated.py -c "import sys;print(sys.executable)"
> python ~/.vscode/extensions/ms-python.python-2020.4.74986/pythonFiles/pyvsc-run-isolated.py -c "import sys;print(sys.executable)"
> python ~/.vscode/extensions/ms-python.python-2020.4.74986/pythonFiles/pyvsc-run-isolated.py -c "import sys;print(sys.executable)"
> conda info --json
> python ~/.vscode/extensions/ms-python.python-2020.4.74986/pythonFiles/pyvsc-run-isolated.py -c "import sys;print(sys.executable)"
> python ~/.vscode/extensions/ms-python.python-2020.4.74986/pythonFiles/pyvsc-run-isolated.py -c "import sys;print(sys.executable)"
> /usr/bin/python ~/.vscode/extensions/ms-python.python-2020.4.74986/pythonFiles/pyvsc-run-isolated.py -c "import jupyter"
> /usr/bin/python ~/.vscode/extensions/ms-python.python-2020.4.74986/pythonFiles/pyvsc-run-isolated.py -c "import jupyter"
> /usr/bin/python ~/.vscode/extensions/ms-python.python-2020.4.74986/pythonFiles/pyvsc-run-isolated.py -c "import notebook"
> /usr/bin/python ~/.vscode/extensions/ms-python.python-2020.4.74986/pythonFiles/pyvsc-run-isolated.py -c "import notebook"
Starting Jedi Python language engine.
Python interpreter path: ./venv/bin/python3.6
> ~/CITS3403Project/venv/bin/python3.6 ~/.vscode/extensions/ms-python.python-2020.4.74986/pythonFiles/pyvsc-run-isolated.py pylint --disable=all --enable=F,unreachable,duplicate-key,unnecessary-semicolon,global-variable-not-assigned,unused-variable,unused-wildcard-import,binary-op-exception,bad-format-string,anomalous-backslash-in-string,bad-open-mode,E0001,E0011,E0012,E0100,E0101,E0102,E0103,E0104,E0105,E0107,E0108,E0110,E0111,E0112,E0113,E0114,E0115,E0116,E0117,E0118,E0202,E0203,E0211,E0213,E0236,E0237,E0238,E0239,E0240,E0241,E0301,E0302,E0303,E0401,E0402,E0601,E0602,E0603,E0604,E0611,E0632,E0633,E0701,E0702,E0703,E0704,E0710,E0711,E0712,E1003,E1101,E1102,E1111,E1120,E1121,E1123,E1124,E1125,E1126,E1127,E1128,E1129,E1130,E1131,E1132,E1133,E1134,E1135,E1136,E1137,E1138,E1139,E1200,E1201,E1205,E1206,E1300,E1301,E1302,E1303,E1304,E1305,E1306,E1310,E1700,E1701 --msg-template='{line},{column},{category},{symbol}:{msg}' --reports=n --output-format=text ~/CITS3403Project/app/routes.py
cwd: ~/CITS3403Project
> ~/CITS3403Project/venv/bin/python3.6 ~/.vscode/extensions/ms-python.python-2020.4.74986/pythonFiles/pyvsc-run-isolated.py pylint --disable=all --enable=F,unreachable,duplicate-key,unnecessary-semicolon,global-variable-not-assigned,unused-variable,unused-wildcard-import,binary-op-exception,bad-format-string,anomalous-backslash-in-string,bad-open-mode,E0001,E0011,E0012,E0100,E0101,E0102,E0103,E0104,E0105,E0107,E0108,E0110,E0111,E0112,E0113,E0114,E0115,E0116,E0117,E0118,E0202,E0203,E0211,E0213,E0236,E0237,E0238,E0239,E0240,E0241,E0301,E0302,E0303,E0401,E0402,E0601,E0602,E0603,E0604,E0611,E0632,E0633,E0701,E0702,E0703,E0704,E0710,E0711,E0712,E1003,E1101,E1102,E1111,E1120,E1121,E1123,E1124,E1125,E1126,E1127,E1128,E1129,E1130,E1131,E1132,E1133,E1134,E1135,E1136,E1137,E1138,E1139,E1200,E1201,E1205,E1206,E1300,E1301,E1302,E1303,E1304,E1305,E1306,E1310,E1700,E1701 --msg-template='{line},{column},{category},{symbol}:{msg}' --reports=n --output-format=text ~/CITS3403Project/app/routes.py
cwd: ~/CITS3403Project
> ~/CITS3403Project/venv/bin/python3.6 ~/.vscode/extensions/ms-python.python-2020.4.74986/pythonFiles/pyvsc-run-isolated.py -c "import pylint"
> ~/CITS3403Project/venv/bin/python3.6 ~/.vscode/extensions/ms-python.python-2020.4.74986/pythonFiles/pyvsc-run-isolated.py -c "import pylint"
> ~/CITS3403Project/venv/bin/python3.6 ~/.vscode/extensions/ms-python.python-2020.4.74986/pythonFiles/pyvsc-run-isolated.py -c "import pylint"
> ~/CITS3403Project/venv/bin/python3.6 ~/.vscode/extensions/ms-python.python-2020.4.74986/pythonFiles/pyvsc-run-isolated.py -c "import pylint"

Linter 'pylint' is not installed. Please install it or select another linter".
Error: Module 'pylint' not installed.
> ~/CITS3403Project/venv/bin/python3.6 ~/.vscode/extensions/ms-python.python-2020.4.74986/pythonFiles/pyvsc-run-isolated.py -c "import sys;print(sys.prefix)"
cwd: ~/CITS3403Project
> ~/CITS3403Project/venv/bin/python3.6 ~/.vscode/extensions/ms-python.python-2020.4.74986/pythonFiles/pyvsc-run-isolated.py -c "import sys;print(sys.prefix)"
cwd: ~/CITS3403Project
> ~/CITS3403Project/venv/bin/python3.6 ~/.vscode/extensions/ms-python.python-2020.4.74986/pythonFiles/pyvsc-run-isolated.py -c "import sys;print(sys.executable)"
cwd: ~/CITS3403Project
> ~/CITS3403Project/venv/bin/python3.6 ~/.vscode/extensions/ms-python.python-2020.4.74986/pythonFiles/pyvsc-run-isolated.py -c "import sys;print(sys.executable)"
cwd: ~/CITS3403Project
> ~/CITS3403Project/venv/bin/python3.6 ~/.vscode/extensions/ms-python.python-2020.4.74986/pythonFiles/pyvsc-run-isolated.py -c "from distutils.sysconfig import get_python_lib; print(get_python_lib())"
cwd: ~/CITS3403Project
> ~/CITS3403Project/venv/bin/python3.6 ~/.vscode/extensions/ms-python.python-2020.4.74986/pythonFiles/pyvsc-run-isolated.py -c "from distutils.sysconfig import get_python_lib; print(get_python_lib())"
cwd: ~/CITS3403Project
> ~/CITS3403Project/venv/bin/python3.6 ~/.vscode/extensions/ms-python.python-2020.4.74986/pythonFiles/pyvsc-run-isolated.py site --user-site
cwd: ~/CITS3403Project
> ~/CITS3403Project/venv/bin/python3.6 ~/.vscode/extensions/ms-python.python-2020.4.74986/pythonFiles/pyvsc-run-isolated.py site --user-site
cwd: ~/CITS3403Project
> ~/CITS3403Project/venv/bin/python3.6 ~/.vscode/extensions/ms-python.python-2020.4.74986/pythonFiles/pyvsc-run-isolated.py ~/.vscode/extensions/ms-python.python-2020.4.74986/pythonFiles/completion.py
> ~/CITS3403Project/venv/bin/python3.6 ~/.vscode/extensions/ms-python.python-2020.4.74986/pythonFiles/pyvsc-run-isolated.py ~/.vscode/extensions/ms-python.python-2020.4.74986/pythonFiles/completion.py
> conda --version
> conda info --json
> conda --version
> ~/CITS3403Project/venv/bin/python3.6 ~/.vscode/extensions/ms-python.python-2020.4.74986/pythonFiles/pyvsc-run-isolated.py -c "import pip"
> ~/CITS3403Project/venv/bin/python3.6 ~/.vscode/extensions/ms-python.python-2020.4.74986/pythonFiles/pyvsc-run-isolated.py -c "import pip"
> ~/CITS3403Project/venv/bin/python3.6 ~/.vscode/extensions/ms-python.python-2020.4.74986/pythonFiles/pyvsc-run-isolated.py -c "import pylint"
> ~/CITS3403Project/venv/bin/python3.6 ~/.vscode/extensions/ms-python.python-2020.4.74986/pythonFiles/pyvsc-run-isolated.py pylint --disable=all --enable=F,unreachable,duplicate-key,unnecessary-semicolon,global-variable-not-assigned,unused-variable,unused-wildcard-import,binary-op-exception,bad-format-string,anomalous-backslash-in-string,bad-open-mode,E0001,E0011,E0012,E0100,E0101,E0102,E0103,E0104,E0105,E0107,E0108,E0110,E0111,E0112,E0113,E0114,E0115,E0116,E0117,E0118,E0202,E0203,E0211,E0213,E0236,E0237,E0238,E0239,E0240,E0241,E0301,E0302,E0303,E0401,E0402,E0601,E0602,E0603,E0604,E0611,E0632,E0633,E0701,E0702,E0703,E0704,E0710,E0711,E0712,E1003,E1101,E1102,E1111,E1120,E1121,E1123,E1124,E1125,E1126,E1127,E1128,E1129,E1130,E1131,E1132,E1133,E1134,E1135,E1136,E1137,E1138,E1139,E1200,E1201,E1205,E1206,E1300,E1301,E1302,E1303,E1304,E1305,E1306,E1310,E1700,E1701 --msg-template='{line},{column},{category},{symbol}:{msg}' --reports=n --output-format=text ~/CITS3403Project/app/data.py
cwd: ~/CITS3403Project
> ~/CITS3403Project/venv/bin/python3.6 ~/.vscode/extensions/ms-python.python-2020.4.74986/pythonFiles/pyvsc-run-isolated.py pylint --disable=all --enable=F,unreachable,duplicate-key,unnecessary-semicolon,global-variable-not-assigned,unused-variable,unused-wildcard-import,binary-op-exception,bad-format-string,anomalous-backslash-in-string,bad-open-mode,E0001,E0011,E0012,E0100,E0101,E0102,E0103,E0104,E0105,E0107,E0108,E0110,E0111,E0112,E0113,E0114,E0115,E0116,E0117,E0118,E0202,E0203,E0211,E0213,E0236,E0237,E0238,E0239,E0240,E0241,E0301,E0302,E0303,E0401,E0402,E0601,E0602,E0603,E0604,E0611,E0632,E0633,E0701,E0702,E0703,E0704,E0710,E0711,E0712,E1003,E1101,E1102,E1111,E1120,E1121,E1123,E1124,E1125,E1126,E1127,E1128,E1129,E1130,E1131,E1132,E1133,E1134,E1135,E1136,E1137,E1138,E1139,E1200,E1201,E1205,E1206,E1300,E1301,E1302,E1303,E1304,E1305,E1306,E1310,E1700,E1701 --msg-template='{line},{column},{category},{symbol}:{msg}' --reports=n --output-format=text ~/CITS3403Project/app/data.py
cwd: ~/CITS3403Project
##########Linting Output - pylint##########
************* Module app.data
23,9,error,no-member:Instance of 'SQLAlchemy' has no 'Column' member
23,19,error,no-member:Instance of 'SQLAlchemy' has no 'Integer' member
24,11,error,no-member:Instance of 'SQLAlchemy' has no 'Column' member
24,21,error,no-member:Instance of 'SQLAlchemy' has no 'String' member
25,12,error,no-member:Instance of 'SQLAlchemy' has no 'Column' member
25,22,error,no-member:Instance of 'SQLAlchemy' has no 'String' member
26,15,error,no-member:Instance of 'SQLAlchemy' has no 'Column' member
26,25,error,no-member:Instance of 'SQLAlchemy' has no 'String' member

---------------------------------------------------------------------
Your code has been rated at -13.53/10 (previous run: -8.75/10, -4.78)

> ~/CITS3403Project/venv/bin/python3.6 ~/.vscode/extensions/ms-python.python-2020.4.74986/pythonFiles/pyvsc-run-isolated.py pylint --disable=all --enable=F,unreachable,duplicate-key,unnecessary-semicolon,global-variable-not-assigned,unused-variable,unused-wildcard-import,binary-op-exception,bad-format-string,anomalous-backslash-in-string,bad-open-mode,E0001,E0011,E0012,E0100,E0101,E0102,E0103,E0104,E0105,E0107,E0108,E0110,E0111,E0112,E0113,E0114,E0115,E0116,E0117,E0118,E0202,E0203,E0211,E0213,E0236,E0237,E0238,E0239,E0240,E0241,E0301,E0302,E0303,E0401,E0402,E0601,E0602,E0603,E0604,E0611,E0632,E0633,E0701,E0702,E0703,E0704,E0710,E0711,E0712,E1003,E1101,E1102,E1111,E1120,E1121,E1123,E1124,E1125,E1126,E1127,E1128,E1129,E1130,E1131,E1132,E1133,E1134,E1135,E1136,E1137,E1138,E1139,E1200,E1201,E1205,E1206,E1300,E1301,E1302,E1303,E1304,E1305,E1306,E1310,E1700,E1701 --msg-template='{line},{column},{category},{symbol}:{msg}' --reports=n --output-format=text ~/CITS3403Project/config.py
cwd: ~/CITS3403Project
> ~/CITS3403Project/venv/bin/python3.6 ~/.vscode/extensions/ms-python.python-2020.4.74986/pythonFiles/pyvsc-run-isolated.py pylint --disable=all --enable=F,unreachable,duplicate-key,unnecessary-semicolon,global-variable-not-assigned,unused-variable,unused-wildcard-import,binary-op-exception,bad-format-string,anomalous-backslash-in-string,bad-open-mode,E0001,E0011,E0012,E0100,E0101,E0102,E0103,E0104,E0105,E0107,E0108,E0110,E0111,E0112,E0113,E0114,E0115,E0116,E0117,E0118,E0202,E0203,E0211,E0213,E0236,E0237,E0238,E0239,E0240,E0241,E0301,E0302,E0303,E0401,E0402,E0601,E0602,E0603,E0604,E0611,E0632,E0633,E0701,E0702,E0703,E0704,E0710,E0711,E0712,E1003,E1101,E1102,E1111,E1120,E1121,E1123,E1124,E1125,E1126,E1127,E1128,E1129,E1130,E1131,E1132,E1133,E1134,E1135,E1136,E1137,E1138,E1139,E1200,E1201,E1205,E1206,E1300,E1301,E1302,E1303,E1304,E1305,E1306,E1310,E1700,E1701 --msg-template='{line},{column},{category},{symbol}:{msg}' --reports=n --output-format=text ~/CITS3403Project/config.py
cwd: ~/CITS3403Project
##########Linting Output - pylint##########

--------------------------------------------------------------------
Your code has been rated at 10.00/10 (previous run: 10.00/10, +0.00)

> ~/CITS3403Project/venv/bin/python3.6 ~/.vscode/extensions/ms-python.python-2020.4.74986/pythonFiles/pyvsc-run-isolated.py pylint --disable=all --enable=F,unreachable,duplicate-key,unnecessary-semicolon,global-variable-not-assigned,unused-variable,unused-wildcard-import,binary-op-exception,bad-format-string,anomalous-backslash-in-string,bad-open-mode,E0001,E0011,E0012,E0100,E0101,E0102,E0103,E0104,E0105,E0107,E0108,E0110,E0111,E0112,E0113,E0114,E0115,E0116,E0117,E0118,E0202,E0203,E0211,E0213,E0236,E0237,E0238,E0239,E0240,E0241,E0301,E0302,E0303,E0401,E0402,E0601,E0602,E0603,E0604,E0611,E0632,E0633,E0701,E0702,E0703,E0704,E0710,E0711,E0712,E1003,E1101,E1102,E1111,E1120,E1121,E1123,E1124,E1125,E1126,E1127,E1128,E1129,E1130,E1131,E1132,E1133,E1134,E1135,E1136,E1137,E1138,E1139,E1200,E1201,E1205,E1206,E1300,E1301,E1302,E1303,E1304,E1305,E1306,E1310,E1700,E1701 --msg-template='{line},{column},{category},{symbol}:{msg}' --reports=n --output-format=text ~/CITS3403Project/app/data.py
cwd: ~/CITS3403Project
> ~/CITS3403Project/venv/bin/python3.6 ~/.vscode/extensions/ms-python.python-2020.4.74986/pythonFiles/pyvsc-run-isolated.py pylint --disable=all --enable=F,unreachable,duplicate-key,unnecessary-semicolon,global-variable-not-assigned,unused-variable,unused-wildcard-import,binary-op-exception,bad-format-string,anomalous-backslash-in-string,bad-open-mode,E0001,E0011,E0012,E0100,E0101,E0102,E0103,E0104,E0105,E0107,E0108,E0110,E0111,E0112,E0113,E0114,E0115,E0116,E0117,E0118,E0202,E0203,E0211,E0213,E0236,E0237,E0238,E0239,E0240,E0241,E0301,E0302,E0303,E0401,E0402,E0601,E0602,E0603,E0604,E0611,E0632,E0633,E0701,E0702,E0703,E0704,E0710,E0711,E0712,E1003,E1101,E1102,E1111,E1120,E1121,E1123,E1124,E1125,E1126,E1127,E1128,E1129,E1130,E1131,E1132,E1133,E1134,E1135,E1136,E1137,E1138,E1139,E1200,E1201,E1205,E1206,E1300,E1301,E1302,E1303,E1304,E1305,E1306,E1310,E1700,E1701 --msg-template='{line},{column},{category},{symbol}:{msg}' --reports=n --output-format=text ~/CITS3403Project/app/data.py
cwd: ~/CITS3403Project
##########Linting Output - pylint##########
************* Module app.data
23,9,error,no-member:Instance of 'SQLAlchemy' has no 'Column' member
23,19,error,no-member:Instance of 'SQLAlchemy' has no 'Integer' member
24,11,error,no-member:Instance of 'SQLAlchemy' has no 'Column' member
24,21,error,no-member:Instance of 'SQLAlchemy' has no 'String' member
25,12,error,no-member:Instance of 'SQLAlchemy' has no 'Column' member
25,22,error,no-member:Instance of 'SQLAlchemy' has no 'String' member
26,15,error,no-member:Instance of 'SQLAlchemy' has no 'Column' member
26,25,error,no-member:Instance of 'SQLAlchemy' has no 'String' member

----------------------------------------------------------------------
Your code has been rated at -13.53/10 (previous run: -13.53/10, +0.00)

> ~/CITS3403Project/venv/bin/python3.6 ~/.vscode/extensions/ms-python.python-2020.4.74986/pythonFiles/pyvsc-run-isolated.py pylint --disable=all --enable=F,unreachable,duplicate-key,unnecessary-semicolon,global-variable-not-assigned,unused-variable,unused-wildcard-import,binary-op-exception,bad-format-string,anomalous-backslash-in-string,bad-open-mode,E0001,E0011,E0012,E0100,E0101,E0102,E0103,E0104,E0105,E0107,E0108,E0110,E0111,E0112,E0113,E0114,E0115,E0116,E0117,E0118,E0202,E0203,E0211,E0213,E0236,E0237,E0238,E0239,E0240,E0241,E0301,E0302,E0303,E0401,E0402,E0601,E0602,E0603,E0604,E0611,E0632,E0633,E0701,E0702,E0703,E0704,E0710,E0711,E0712,E1003,E1101,E1102,E1111,E1120,E1121,E1123,E1124,E1125,E1126,E1127,E1128,E1129,E1130,E1131,E1132,E1133,E1134,E1135,E1136,E1137,E1138,E1139,E1200,E1201,E1205,E1206,E1300,E1301,E1302,E1303,E1304,E1305,E1306,E1310,E1700,E1701 --msg-template='{line},{column},{category},{symbol}:{msg}' --reports=n --output-format=text ~/CITS3403Project/config.py
cwd: ~/CITS3403Project
> ~/CITS3403Project/venv/bin/python3.6 ~/.vscode/extensions/ms-python.python-2020.4.74986/pythonFiles/pyvsc-run-isolated.py pylint --disable=all --enable=F,unreachable,duplicate-key,unnecessary-semicolon,global-variable-not-assigned,unused-variable,unused-wildcard-import,binary-op-exception,bad-format-string,anomalous-backslash-in-string,bad-open-mode,E0001,E0011,E0012,E0100,E0101,E0102,E0103,E0104,E0105,E0107,E0108,E0110,E0111,E0112,E0113,E0114,E0115,E0116,E0117,E0118,E0202,E0203,E0211,E0213,E0236,E0237,E0238,E0239,E0240,E0241,E0301,E0302,E0303,E0401,E0402,E0601,E0602,E0603,E0604,E0611,E0632,E0633,E0701,E0702,E0703,E0704,E0710,E0711,E0712,E1003,E1101,E1102,E1111,E1120,E1121,E1123,E1124,E1125,E1126,E1127,E1128,E1129,E1130,E1131,E1132,E1133,E1134,E1135,E1136,E1137,E1138,E1139,E1200,E1201,E1205,E1206,E1300,E1301,E1302,E1303,E1304,E1305,E1306,E1310,E1700,E1701 --msg-template='{line},{column},{category},{symbol}:{msg}' --reports=n --output-format=text ~/CITS3403Project/config.py
cwd: ~/CITS3403Project
##########Linting Output - pylint##########

--------------------------------------------------------------------
Your code has been rated at 10.00/10 (previous run: 10.00/10, +0.00)

> ~/CITS3403Project/venv/bin/python3.6 ~/.vscode/extensions/ms-python.python-2020.4.74986/pythonFiles/pyvsc-run-isolated.py pylint --disable=all --enable=F,unreachable,duplicate-key,unnecessary-semicolon,global-variable-not-assigned,unused-variable,unused-wildcard-import,binary-op-exception,bad-format-string,anomalous-backslash-in-string,bad-open-mode,E0001,E0011,E0012,E0100,E0101,E0102,E0103,E0104,E0105,E0107,E0108,E0110,E0111,E0112,E0113,E0114,E0115,E0116,E0117,E0118,E0202,E0203,E0211,E0213,E0236,E0237,E0238,E0239,E0240,E0241,E0301,E0302,E0303,E0401,E0402,E0601,E0602,E0603,E0604,E0611,E0632,E0633,E0701,E0702,E0703,E0704,E0710,E0711,E0712,E1003,E1101,E1102,E1111,E1120,E1121,E1123,E1124,E1125,E1126,E1127,E1128,E1129,E1130,E1131,E1132,E1133,E1134,E1135,E1136,E1137,E1138,E1139,E1200,E1201,E1205,E1206,E1300,E1301,E1302,E1303,E1304,E1305,E1306,E1310,E1700,E1701 --msg-template='{line},{column},{category},{symbol}:{msg}' --reports=n --output-format=text ~/CITS3403Project/app/routes.py
cwd: ~/CITS3403Project
> ~/CITS3403Project/venv/bin/python3.6 ~/.vscode/extensions/ms-python.python-2020.4.74986/pythonFiles/pyvsc-run-isolated.py pylint --disable=all --enable=F,unreachable,duplicate-key,unnecessary-semicolon,global-variable-not-assigned,unused-variable,unused-wildcard-import,binary-op-exception,bad-format-string,anomalous-backslash-in-string,bad-open-mode,E0001,E0011,E0012,E0100,E0101,E0102,E0103,E0104,E0105,E0107,E0108,E0110,E0111,E0112,E0113,E0114,E0115,E0116,E0117,E0118,E0202,E0203,E0211,E0213,E0236,E0237,E0238,E0239,E0240,E0241,E0301,E0302,E0303,E0401,E0402,E0601,E0602,E0603,E0604,E0611,E0632,E0633,E0701,E0702,E0703,E0704,E0710,E0711,E0712,E1003,E1101,E1102,E1111,E1120,E1121,E1123,E1124,E1125,E1126,E1127,E1128,E1129,E1130,E1131,E1132,E1133,E1134,E1135,E1136,E1137,E1138,E1139,E1200,E1201,E1205,E1206,E1300,E1301,E1302,E1303,E1304,E1305,E1306,E1310,E1700,E1701 --msg-template='{line},{column},{category},{symbol}:{msg}' --reports=n --output-format=text ~/CITS3403Project/app/routes.py
cwd: ~/CITS3403Project
##########Linting Output - pylint##########
************* Module app.routes
57,0,warning,anomalous-backslash-in-string:Anomalous backslash in string: '\s'. String constant might be missing an r prefix.
57,0,warning,anomalous-backslash-in-string:Anomalous backslash in string: '\s'. String constant might be missing an r prefix.
63,0,warning,anomalous-backslash-in-string:Anomalous backslash in string: '\s'. String constant might be missing an r prefix.
63,0,warning,anomalous-backslash-in-string:Anomalous backslash in string: '\s'. String constant might be missing an r prefix.
23,12,error,no-member:Instance of 'scoped_session' has no 'add' member
24,12,error,no-member:Instance of 'scoped_session' has no 'commit' member

------------------------------------------------------------------
Your code has been rated at 6.59/10 (previous run: 0.81/10, +5.77)

> ~/CITS3403Project/venv/bin/python3.6 ~/.vscode/extensions/ms-python.python-2020.4.74986/pythonFiles/pyvsc-run-isolated.py pylint --disable=all --enable=F,unreachable,duplicate-key,unnecessary-semicolon,global-variable-not-assigned,unused-variable,unused-wildcard-import,binary-op-exception,bad-format-string,anomalous-backslash-in-string,bad-open-mode,E0001,E0011,E0012,E0100,E0101,E0102,E0103,E0104,E0105,E0107,E0108,E0110,E0111,E0112,E0113,E0114,E0115,E0116,E0117,E0118,E0202,E0203,E0211,E0213,E0236,E0237,E0238,E0239,E0240,E0241,E0301,E0302,E0303,E0401,E0402,E0601,E0602,E0603,E0604,E0611,E0632,E0633,E0701,E0702,E0703,E0704,E0710,E0711,E0712,E1003,E1101,E1102,E1111,E1120,E1121,E1123,E1124,E1125,E1126,E1127,E1128,E1129,E1130,E1131,E1132,E1133,E1134,E1135,E1136,E1137,E1138,E1139,E1200,E1201,E1205,E1206,E1300,E1301,E1302,E1303,E1304,E1305,E1306,E1310,E1700,E1701 --msg-template='{line},{column},{category},{symbol}:{msg}' --reports=n --output-format=text ~/CITS3403Project/app/data.py
cwd: ~/CITS3403Project
> ~/CITS3403Project/venv/bin/python3.6 ~/.vscode/extensions/ms-python.python-2020.4.74986/pythonFiles/pyvsc-run-isolated.py pylint --disable=all --enable=F,unreachable,duplicate-key,unnecessary-semicolon,global-variable-not-assigned,unused-variable,unused-wildcard-import,binary-op-exception,bad-format-string,anomalous-backslash-in-string,bad-open-mode,E0001,E0011,E0012,E0100,E0101,E0102,E0103,E0104,E0105,E0107,E0108,E0110,E0111,E0112,E0113,E0114,E0115,E0116,E0117,E0118,E0202,E0203,E0211,E0213,E0236,E0237,E0238,E0239,E0240,E0241,E0301,E0302,E0303,E0401,E0402,E0601,E0602,E0603,E0604,E0611,E0632,E0633,E0701,E0702,E0703,E0704,E0710,E0711,E0712,E1003,E1101,E1102,E1111,E1120,E1121,E1123,E1124,E1125,E1126,E1127,E1128,E1129,E1130,E1131,E1132,E1133,E1134,E1135,E1136,E1137,E1138,E1139,E1200,E1201,E1205,E1206,E1300,E1301,E1302,E1303,E1304,E1305,E1306,E1310,E1700,E1701 --msg-template='{line},{column},{category},{symbol}:{msg}' --reports=n --output-format=text ~/CITS3403Project/app/data.py
cwd: ~/CITS3403Project
> ~/CITS3403Project/venv/bin/python3.6 ~/.vscode/extensions/ms-python.python-2020.4.74986/pythonFiles/pyvsc-run-isolated.py pylint --disable=all --enable=F,unreachable,duplicate-key,unnecessary-semicolon,global-variable-not-assigned,unused-variable,unused-wildcard-import,binary-op-exception,bad-format-string,anomalous-backslash-in-string,bad-open-mode,E0001,E0011,E0012,E0100,E0101,E0102,E0103,E0104,E0105,E0107,E0108,E0110,E0111,E0112,E0113,E0114,E0115,E0116,E0117,E0118,E0202,E0203,E0211,E0213,E0236,E0237,E0238,E0239,E0240,E0241,E0301,E0302,E0303,E0401,E0402,E0601,E0602,E0603,E0604,E0611,E0632,E0633,E0701,E0702,E0703,E0704,E0710,E0711,E0712,E1003,E1101,E1102,E1111,E1120,E1121,E1123,E1124,E1125,E1126,E1127,E1128,E1129,E1130,E1131,E1132,E1133,E1134,E1135,E1136,E1137,E1138,E1139,E1200,E1201,E1205,E1206,E1300,E1301,E1302,E1303,E1304,E1305,E1306,E1310,E1700,E1701 --msg-template='{line},{column},{category},{symbol}:{msg}' --reports=n --output-format=text /usr/lib/python3.6/os.py
cwd: /usr/lib/python3.6
> ~/CITS3403Project/venv/bin/python3.6 ~/.vscode/extensions/ms-python.python-2020.4.74986/pythonFiles/pyvsc-run-isolated.py pylint --disable=all --enable=F,unreachable,duplicate-key,unnecessary-semicolon,global-variable-not-assigned,unused-variable,unused-wildcard-import,binary-op-exception,bad-format-string,anomalous-backslash-in-string,bad-open-mode,E0001,E0011,E0012,E0100,E0101,E0102,E0103,E0104,E0105,E0107,E0108,E0110,E0111,E0112,E0113,E0114,E0115,E0116,E0117,E0118,E0202,E0203,E0211,E0213,E0236,E0237,E0238,E0239,E0240,E0241,E0301,E0302,E0303,E0401,E0402,E0601,E0602,E0603,E0604,E0611,E0632,E0633,E0701,E0702,E0703,E0704,E0710,E0711,E0712,E1003,E1101,E1102,E1111,E1120,E1121,E1123,E1124,E1125,E1126,E1127,E1128,E1129,E1130,E1131,E1132,E1133,E1134,E1135,E1136,E1137,E1138,E1139,E1200,E1201,E1205,E1206,E1300,E1301,E1302,E1303,E1304,E1305,E1306,E1310,E1700,E1701 --msg-template='{line},{column},{category},{symbol}:{msg}' --reports=n --output-format=text /usr/lib/python3.6/os.py
cwd: /usr/lib/python3.6
##########Linting Output - pylint##########
************* Module os
71,4,error,import-error:Unable to import 'nt'
79,4,error,import-error:Unable to import 'nt'
581,10,warning,unused-variable:Unused variable 'tail'
856,16,warning,unused-variable:Unused variable 'wpid'
51,4,warning,unused-wildcard-import:Unused import CLD_CONTINUED from wildcard import
51,4,warning,unused-wildcard-import:Unused import CLD_DUMPED from wildcard import
51,4,warning,unused-wildcard-import:Unused import CLD_EXITED from wildcard import
51,4,warning,unused-wildcard-import:Unused import CLD_TRAPPED from wildcard import
51,4,warning,unused-wildcard-import:Unused import DirEntry from wildcard import
51,4,warning,unused-wildcard-import:Unused import EX_CANTCREAT from wildcard import
51,4,warning,unused-wildcard-import:Unused import EX_CONFIG from wildcard import
51,4,warning,unused-wildcard-import:Unused import EX_DATAERR from wildcard import
51,4,warning,unused-wildcard-import:Unused import EX_IOERR from wildcard import
51,4,warning,unused-wildcard-import:Unused import EX_NOHOST from wildcard import
51,4,warning,unused-wildcard-import:Unused import EX_NOINPUT from wildcard import
51,4,warning,unused-wildcard-import:Unused import EX_NOPERM from wildcard import
51,4,warning,unused-wildcard-import:Unused import EX_NOUSER from wildcard import
51,4,warning,unused-wildcard-import:Unused import EX_OK from wildcard import
51,4,warning,unused-wildcard-import:Unused import EX_OSERR from wildcard import
51,4,warning,unused-wildcard-import:Unused import EX_OSFILE from wildcard import
51,4,warning,unused-wildcard-import:Unused import EX_PROTOCOL from wildcard import
51,4,warning,unused-wildcard-import:Unused import EX_SOFTWARE from wildcard import
51,4,warning,unused-wildcard-import:Unused import EX_TEMPFAIL from wildcard import
51,4,warning,unused-wildcard-import:Unused import EX_UNAVAILABLE from wildcard import
51,4,warning,unused-wildcard-import:Unused import EX_USAGE from wildcard import
51,4,warning,unused-wildcard-import:Unused import F_LOCK from wildcard import
51,4,warning,unused-wildcard-import:Unused import F_OK from wildcard import
51,4,warning,unused-wildcard-import:Unused import F_TEST from wildcard import
51,4,warning,unused-wildcard-import:Unused import F_TLOCK from wildcard import
51,4,warning,unused-wildcard-import:Unused import F_ULOCK from wildcard import
51,4,warning,unused-wildcard-import:Unused import GRND_NONBLOCK from wildcard import
51,4,warning,unused-wildcard-import:Unused import GRND_RANDOM from wildcard import
51,4,warning,unused-wildcard-import:Unused import NGROUPS_MAX from wildcard import
51,4,warning,unused-wildcard-import:Unused import O_ACCMODE from wildcard import
51,4,warning,unused-wildcard-import:Unused import O_APPEND from wildcard import
51,4,warning,unused-wildcard-import:Unused import O_ASYNC from wildcard import
51,4,warning,unused-wildcard-import:Unused import O_CLOEXEC from wildcard import
51,4,warning,unused-wildcard-import:Unused import O_CREAT from wildcard import
51,4,warning,unused-wildcard-import:Unused import O_DIRECT from wildcard import
51,4,warning,unused-wildcard-import:Unused import O_DIRECTORY from wildcard import
51,4,warning,unused-wildcard-import:Unused import O_DSYNC from wildcard import
51,4,warning,unused-wildcard-import:Unused import O_EXCL from wildcard import
51,4,warning,unused-wildcard-import:Unused import O_LARGEFILE from wildcard import
51,4,warning,unused-wildcard-import:Unused import O_NDELAY from wildcard import
51,4,warning,unused-wildcard-import:Unused import O_NOATIME from wildcard import
51,4,warning,unused-wildcard-import:Unused import O_NOCTTY from wildcard import
51,4,warning,unused-wildcard-import:Unused import O_NOFOLLOW from wildcard import
51,4,warning,unused-wildcard-import:Unused import O_NONBLOCK from wildcard import
51,4,warning,unused-wildcard-import:Unused import O_PATH from wildcard import
51,4,warning,unused-wildcard-import:Unused import O_RDWR from wildcard import
51,4,warning,unused-wildcard-import:Unused import O_RSYNC from wildcard import
51,4,warning,unused-wildcard-import:Unused import O_SYNC from wildcard import
51,4,warning,unused-wildcard-import:Unused import O_TMPFILE from wildcard import
51,4,warning,unused-wildcard-import:Unused import O_TRUNC from wildcard import
51,4,warning,unused-wildcard-import:Unused import O_WRONLY from wildcard import
51,4,warning,unused-wildcard-import:Unused import POSIX_FADV_DONTNEED from wildcard import
51,4,warning,unused-wildcard-import:Unused import POSIX_FADV_NOREUSE from wildcard import
51,4,warning,unused-wildcard-import:Unused import POSIX_FADV_NORMAL from wildcard import
51,4,warning,unused-wildcard-import:Unused import POSIX_FADV_RANDOM from wildcard import
51,4,warning,unused-wildcard-import:Unused import POSIX_FADV_SEQUENTIAL from wildcard import
51,4,warning,unused-wildcard-import:Unused import POSIX_FADV_WILLNEED from wildcard import
51,4,warning,unused-wildcard-import:Unused import PRIO_PGRP from wildcard import
51,4,warning,unused-wildcard-import:Unused import PRIO_PROCESS from wildcard import
51,4,warning,unused-wildcard-import:Unused import PRIO_USER from wildcard import
51,4,warning,unused-wildcard-import:Unused import P_ALL from wildcard import
51,4,warning,unused-wildcard-import:Unused import P_PGID from wildcard import
51,4,warning,unused-wildcard-import:Unused import P_PID from wildcard import
51,4,warning,unused-wildcard-import:Unused import RTLD_DEEPBIND from wildcard import
51,4,warning,unused-wildcard-import:Unused import RTLD_GLOBAL from wildcard import
51,4,warning,unused-wildcard-import:Unused import RTLD_LAZY from wildcard import
51,4,warning,unused-wildcard-import:Unused import RTLD_LOCAL from wildcard import
51,4,warning,unused-wildcard-import:Unused import RTLD_NODELETE from wildcard import
51,4,warning,unused-wildcard-import:Unused import RTLD_NOLOAD from wildcard import
51,4,warning,unused-wildcard-import:Unused import RTLD_NOW from wildcard import
51,4,warning,unused-wildcard-import:Unused import R_OK from wildcard import
51,4,warning,unused-wildcard-import:Unused import SCHED_BATCH from wildcard import
51,4,warning,unused-wildcard-import:Unused import SCHED_FIFO from wildcard import
51,4,warning,unused-wildcard-import:Unused import SCHED_IDLE from wildcard import
51,4,warning,unused-wildcard-import:Unused import SCHED_OTHER from wildcard import
51,4,warning,unused-wildcard-import:Unused import SCHED_RESET_ON_FORK from wildcard import
51,4,warning,unused-wildcard-import:Unused import SCHED_RR from wildcard import
51,4,warning,unused-wildcard-import:Unused import SEEK_DATA from wildcard import
51,4,warning,unused-wildcard-import:Unused import SEEK_HOLE from wildcard import
51,4,warning,unused-wildcard-import:Unused import ST_APPEND from wildcard import
51,4,warning,unused-wildcard-import:Unused import ST_MANDLOCK from wildcard import
51,4,warning,unused-wildcard-import:Unused import ST_NOATIME from wildcard import
51,4,warning,unused-wildcard-import:Unused import ST_NODEV from wildcard import
51,4,warning,unused-wildcard-import:Unused import ST_NODIRATIME from wildcard import
51,4,warning,unused-wildcard-import:Unused import ST_NOEXEC from wildcard import
51,4,warning,unused-wildcard-import:Unused import ST_NOSUID from wildcard import
51,4,warning,unused-wildcard-import:Unused import ST_RDONLY from wildcard import
51,4,warning,unused-wildcard-import:Unused import ST_RELATIME from wildcard import
51,4,warning,unused-wildcard-import:Unused import ST_SYNCHRONOUS from wildcard import
51,4,warning,unused-wildcard-import:Unused import ST_WRITE from wildcard import
51,4,warning,unused-wildcard-import:Unused import TMP_MAX from wildcard import
51,4,warning,unused-wildcard-import:Unused import WCONTINUED from wildcard import
51,4,warning,unused-wildcard-import:Unused import WCOREDUMP from wildcard import
51,4,warning,unused-wildcard-import:Unused import WEXITED from wildcard import
51,4,warning,unused-wildcard-import:Unused import WIFCONTINUED from wildcard import
51,4,warning,unused-wildcard-import:Unused import WNOHANG from wildcard import
51,4,warning,unused-wildcard-import:Unused import WNOWAIT from wildcard import
51,4,warning,unused-wildcard-import:Unused import WSTOPPED from wildcard import
51,4,warning,unused-wildcard-import:Unused import WSTOPSIG from wildcard import
51,4,warning,unused-wildcard-import:Unused import WUNTRACED from wildcard import
51,4,warning,unused-wildcard-import:Unused import W_OK from wildcard import
51,4,warning,unused-wildcard-import:Unused import XATTR_CREATE from wildcard import
51,4,warning,unused-wildcard-import:Unused import XATTR_REPLACE from wildcard import
51,4,warning,unused-wildcard-import:Unused import XATTR_SIZE_MAX from wildcard import
51,4,warning,unused-wildcard-import:Unused import X_OK from wildcard import
51,4,warning,unused-wildcard-import:Unused import abort from wildcard import
51,4,warning,unused-wildcard-import:Unused import access from wildcard import
51,4,warning,unused-wildcard-import:Unused import chdir from wildcard import
51,4,warning,unused-wildcard-import:Unused import chmod from wildcard import
51,4,warning,unused-wildcard-import:Unused import chown from wildcard import
51,4,warning,unused-wildcard-import:Unused import chroot from wildcard import
51,4,warning,unused-wildcard-import:Unused import closerange from wildcard import
51,4,warning,unused-wildcard-import:Unused import confstr from wildcard import
51,4,warning,unused-wildcard-import:Unused import confstr_names from wildcard import
51,4,warning,unused-wildcard-import:Unused import cpu_count from wildcard import
51,4,warning,unused-wildcard-import:Unused import ctermid from wildcard import
51,4,warning,unused-wildcard-import:Unused import device_encoding from wildcard import
51,4,warning,unused-wildcard-import:Unused import dup from wildcard import
51,4,warning,unused-wildcard-import:Unused import dup2 from wildcard import
51,4,warning,unused-wildcard-import:Unused import error from wildcard import
51,4,warning,unused-wildcard-import:Unused import fchdir from wildcard import
51,4,warning,unused-wildcard-import:Unused import fchmod from wildcard import
51,4,warning,unused-wildcard-import:Unused import fchown from wildcard import
51,4,warning,unused-wildcard-import:Unused import fdatasync from wildcard import
51,4,warning,unused-wildcard-import:Unused import forkpty from wildcard import
51,4,warning,unused-wildcard-import:Unused import fpathconf from wildcard import
51,4,warning,unused-wildcard-import:Unused import fstat from wildcard import
51,4,warning,unused-wildcard-import:Unused import fstatvfs from wildcard import
51,4,warning,unused-wildcard-import:Unused import fsync from wildcard import
51,4,warning,unused-wildcard-import:Unused import ftruncate from wildcard import
51,4,warning,unused-wildcard-import:Unused import get_blocking from wildcard import
51,4,warning,unused-wildcard-import:Unused import get_inheritable from wildcard import
51,4,warning,unused-wildcard-import:Unused import get_terminal_size from wildcard import
51,4,warning,unused-wildcard-import:Unused import getcwd from wildcard import
51,4,warning,unused-wildcard-import:Unused import getcwdb from wildcard import
51,4,warning,unused-wildcard-import:Unused import getegid from wildcard import
51,4,warning,unused-wildcard-import:Unused import geteuid from wildcard import
51,4,warning,unused-wildcard-import:Unused import getgid from wildcard import
51,4,warning,unused-wildcard-import:Unused import getgrouplist from wildcard import
51,4,warning,unused-wildcard-import:Unused import getgroups from wildcard import
51,4,warning,unused-wildcard-import:Unused import getloadavg from wildcard import
51,4,warning,unused-wildcard-import:Unused import getlogin from wildcard import
51,4,warning,unused-wildcard-import:Unused import getpgid from wildcard import
51,4,warning,unused-wildcard-import:Unused import getpgrp from wildcard import
51,4,warning,unused-wildcard-import:Unused import getpid from wildcard import
51,4,warning,unused-wildcard-import:Unused import getppid from wildcard import
51,4,warning,unused-wildcard-import:Unused import getpriority from wildcard import
51,4,warning,unused-wildcard-import:Unused import getrandom from wildcard import
51,4,warning,unused-wildcard-import:Unused import getresgid from wildcard import
51,4,warning,unused-wildcard-import:Unused import getresuid from wildcard import
51,4,warning,unused-wildcard-import:Unused import getsid from wildcard import
51,4,warning,unused-wildcard-import:Unused import getuid from wildcard import
51,4,warning,unused-wildcard-import:Unused import getxattr from wildcard import
51,4,warning,unused-wildcard-import:Unused import initgroups from wildcard import
51,4,warning,unused-wildcard-import:Unused import isatty from wildcard import
51,4,warning,unused-wildcard-import:Unused import kill from wildcard import
51,4,warning,unused-wildcard-import:Unused import killpg from wildcard import
51,4,warning,unused-wildcard-import:Unused import lchown from wildcard import
51,4,warning,unused-wildcard-import:Unused import link from wildcard import
51,4,warning,unused-wildcard-import:Unused import listxattr from wildcard import
51,4,warning,unused-wildcard-import:Unused import lockf from wildcard import
51,4,warning,unused-wildcard-import:Unused import lseek from wildcard import
51,4,warning,unused-wildcard-import:Unused import lstat from wildcard import
51,4,warning,unused-wildcard-import:Unused import major from wildcard import
51,4,warning,unused-wildcard-import:Unused import makedev from wildcard import
51,4,warning,unused-wildcard-import:Unused import minor from wildcard import
51,4,warning,unused-wildcard-import:Unused import mkfifo from wildcard import
51,4,warning,unused-wildcard-import:Unused import mknod from wildcard import
51,4,warning,unused-wildcard-import:Unused import nice from wildcard import
51,4,warning,unused-wildcard-import:Unused import openpty from wildcard import
51,4,warning,unused-wildcard-import:Unused import pathconf from wildcard import
51,4,warning,unused-wildcard-import:Unused import pathconf_names from wildcard import
51,4,warning,unused-wildcard-import:Unused import pipe from wildcard import
51,4,warning,unused-wildcard-import:Unused import pipe2 from wildcard import
51,4,warning,unused-wildcard-import:Unused import posix_fadvise from wildcard import
51,4,warning,unused-wildcard-import:Unused import posix_fallocate from wildcard import
51,4,warning,unused-wildcard-import:Unused import pread from wildcard import
51,4,warning,unused-wildcard-import:Unused import pwrite from wildcard import
51,4,warning,unused-wildcard-import:Unused import read from wildcard import
51,4,warning,unused-wildcard-import:Unused import readlink from wildcard import
51,4,warning,unused-wildcard-import:Unused import readv from wildcard import
51,4,warning,unused-wildcard-import:Unused import remove from wildcard import
51,4,warning,unused-wildcard-import:Unused import removexattr from wildcard import
51,4,warning,unused-wildcard-import:Unused import replace from wildcard import
51,4,warning,unused-wildcard-import:Unused import sched_get_priority_max from wildcard import
51,4,warning,unused-wildcard-import:Unused import sched_get_priority_min from wildcard import
51,4,warning,unused-wildcard-import:Unused import sched_getaffinity from wildcard import
51,4,warning,unused-wildcard-import:Unused import sched_getparam from wildcard import
51,4,warning,unused-wildcard-import:Unused import sched_getscheduler from wildcard import
51,4,warning,unused-wildcard-import:Unused import sched_param from wildcard import
51,4,warning,unused-wildcard-import:Unused import sched_rr_get_interval from wildcard import
51,4,warning,unused-wildcard-import:Unused import sched_setaffinity from wildcard import
51,4,warning,unused-wildcard-import:Unused import sched_setparam from wildcard import
51,4,warning,unused-wildcard-import:Unused import sched_setscheduler from wildcard import
51,4,warning,unused-wildcard-import:Unused import sched_yield from wildcard import
51,4,warning,unused-wildcard-import:Unused import sendfile from wildcard import
51,4,warning,unused-wildcard-import:Unused import set_blocking from wildcard import
51,4,warning,unused-wildcard-import:Unused import set_inheritable from wildcard import
51,4,warning,unused-wildcard-import:Unused import setegid from wildcard import
51,4,warning,unused-wildcard-import:Unused import seteuid from wildcard import
51,4,warning,unused-wildcard-import:Unused import setgid from wildcard import
51,4,warning,unused-wildcard-import:Unused import setgroups from wildcard import
51,4,warning,unused-wildcard-import:Unused import setpgid from wildcard import
51,4,warning,unused-wildcard-import:Unused import setpgrp from wildcard import
51,4,warning,unused-wildcard-import:Unused import setpriority from wildcard import
51,4,warning,unused-wildcard-import:Unused import setregid from wildcard import
51,4,warning,unused-wildcard-import:Unused import setresgid from wildcard import
51,4,warning,unused-wildcard-import:Unused import setresuid from wildcard import
51,4,warning,unused-wildcard-import:Unused import setreuid from wildcard import
51,4,warning,unused-wildcard-import:Unused import setsid from wildcard import
51,4,warning,unused-wildcard-import:Unused import setuid from wildcard import
51,4,warning,unused-wildcard-import:Unused import setxattr from wildcard import
51,4,warning,unused-wildcard-import:Unused import stat_float_times from wildcard import
51,4,warning,unused-wildcard-import:Unused import stat_result from wildcard import
51,4,warning,unused-wildcard-import:Unused import statvfs from wildcard import
51,4,warning,unused-wildcard-import:Unused import statvfs_result from wildcard import
51,4,warning,unused-wildcard-import:Unused import strerror from wildcard import
51,4,warning,unused-wildcard-import:Unused import symlink from wildcard import
51,4,warning,unused-wildcard-import:Unused import sync from wildcard import
51,4,warning,unused-wildcard-import:Unused import sysconf from wildcard import
51,4,warning,unused-wildcard-import:Unused import sysconf_names from wildcard import
51,4,warning,unused-wildcard-import:Unused import system from wildcard import
51,4,warning,unused-wildcard-import:Unused import tcgetpgrp from wildcard import
51,4,warning,unused-wildcard-import:Unused import tcsetpgrp from wildcard import
51,4,warning,unused-wildcard-import:Unused import terminal_size from wildcard import
51,4,warning,unused-wildcard-import:Unused import times from wildcard import
51,4,warning,unused-wildcard-import:Unused import times_result from wildcard import
51,4,warning,unused-wildcard-import:Unused import truncate from wildcard import
51,4,warning,unused-wildcard-import:Unused import ttyname from wildcard import
51,4,warning,unused-wildcard-import:Unused import umask from wildcard import
51,4,warning,unused-wildcard-import:Unused import uname from wildcard import
51,4,warning,unused-wildcard-import:Unused import uname_result from wildcard import
51,4,warning,unused-wildcard-import:Unused import unlink from wildcard import
51,4,warning,unused-wildcard-import:Unused import urandom from wildcard import
51,4,warning,unused-wildcard-import:Unused import utime from wildcard import
51,4,warning,unused-wildcard-import:Unused import wait from wildcard import
51,4,warning,unused-wildcard-import:Unused import wait3 from wildcard import
51,4,warning,unused-wildcard-import:Unused import wait4 from wildcard import
51,4,warning,unused-wildcard-import:Unused import waitid from wildcard import
51,4,warning,unused-wildcard-import:Unused import waitid_result from wildcard import
51,4,warning,unused-wildcard-import:Unused import write from wildcard import
51,4,warning,unused-wildcard-import:Unused import writev from wildcard import

------------------------------------------------------------------
Your code has been rated at 5.27/10 (previous run: 5.27/10, +0.00)

##########Linting Output - pylint##########
************* Module app.data
7,36,error,undefined-variable:Undefined variable 'basedir'
21,9,error,no-member:Instance of 'SQLAlchemy' has no 'Column' member
21,19,error,no-member:Instance of 'SQLAlchemy' has no 'Integer' member
22,11,error,no-member:Instance of 'SQLAlchemy' has no 'Column' member
22,21,error,no-member:Instance of 'SQLAlchemy' has no 'String' member
23,12,error,no-member:Instance of 'SQLAlchemy' has no 'Column' member
23,22,error,no-member:Instance of 'SQLAlchemy' has no 'String' member
24,15,error,no-member:Instance of 'SQLAlchemy' has no 'Column' member
24,25,error,no-member:Instance of 'SQLAlchemy' has no 'String' member

----------------------------------------------------------------------
Your code has been rated at -18.12/10 (previous run: -13.53/10, -4.60)

> ~/CITS3403Project/venv/bin/python3.6 ~/.vscode/extensions/ms-python.python-2020.4.74986/pythonFiles/pyvsc-run-isolated.py pylint --disable=all --enable=F,unreachable,duplicate-key,unnecessary-semicolon,global-variable-not-assigned,unused-variable,unused-wildcard-import,binary-op-exception,bad-format-string,anomalous-backslash-in-string,bad-open-mode,E0001,E0011,E0012,E0100,E0101,E0102,E0103,E0104,E0105,E0107,E0108,E0110,E0111,E0112,E0113,E0114,E0115,E0116,E0117,E0118,E0202,E0203,E0211,E0213,E0236,E0237,E0238,E0239,E0240,E0241,E0301,E0302,E0303,E0401,E0402,E0601,E0602,E0603,E0604,E0611,E0632,E0633,E0701,E0702,E0703,E0704,E0710,E0711,E0712,E1003,E1101,E1102,E1111,E1120,E1121,E1123,E1124,E1125,E1126,E1127,E1128,E1129,E1130,E1131,E1132,E1133,E1134,E1135,E1136,E1137,E1138,E1139,E1200,E1201,E1205,E1206,E1300,E1301,E1302,E1303,E1304,E1305,E1306,E1310,E1700,E1701 --msg-template='{line},{column},{category},{symbol}:{msg}' --reports=n --output-format=text ~/CITS3403Project/app/__init__.py
cwd: ~/CITS3403Project
> ~/CITS3403Project/venv/bin/python3.6 ~/.vscode/extensions/ms-python.python-2020.4.74986/pythonFiles/pyvsc-run-isolated.py pylint --disable=all --enable=F,unreachable,duplicate-key,unnecessary-semicolon,global-variable-not-assigned,unused-variable,unused-wildcard-import,binary-op-exception,bad-format-string,anomalous-backslash-in-string,bad-open-mode,E0001,E0011,E0012,E0100,E0101,E0102,E0103,E0104,E0105,E0107,E0108,E0110,E0111,E0112,E0113,E0114,E0115,E0116,E0117,E0118,E0202,E0203,E0211,E0213,E0236,E0237,E0238,E0239,E0240,E0241,E0301,E0302,E0303,E0401,E0402,E0601,E0602,E0603,E0604,E0611,E0632,E0633,E0701,E0702,E0703,E0704,E0710,E0711,E0712,E1003,E1101,E1102,E1111,E1120,E1121,E1123,E1124,E1125,E1126,E1127,E1128,E1129,E1130,E1131,E1132,E1133,E1134,E1135,E1136,E1137,E1138,E1139,E1200,E1201,E1205,E1206,E1300,E1301,E1302,E1303,E1304,E1305,E1306,E1310,E1700,E1701 --msg-template='{line},{column},{category},{symbol}:{msg}' --reports=n --output-format=text ~/CITS3403Project/app/__init__.py
cwd: ~/CITS3403Project
##########Linting Output - pylint##########

--------------------------------------------------------------------
Your code has been rated at 10.00/10 (previous run: 10.00/10, +0.00)

> ~/CITS3403Project/venv/bin/python3.6 ~/.vscode/extensions/ms-python.python-2020.4.74986/pythonFiles/pyvsc-run-isolated.py pylint --disable=all --enable=F,unreachable,duplicate-key,unnecessary-semicolon,global-variable-not-assigned,unused-variable,unused-wildcard-import,binary-op-exception,bad-format-string,anomalous-backslash-in-string,bad-open-mode,E0001,E0011,E0012,E0100,E0101,E0102,E0103,E0104,E0105,E0107,E0108,E0110,E0111,E0112,E0113,E0114,E0115,E0116,E0117,E0118,E0202,E0203,E0211,E0213,E0236,E0237,E0238,E0239,E0240,E0241,E0301,E0302,E0303,E0401,E0402,E0601,E0602,E0603,E0604,E0611,E0632,E0633,E0701,E0702,E0703,E0704,E0710,E0711,E0712,E1003,E1101,E1102,E1111,E1120,E1121,E1123,E1124,E1125,E1126,E1127,E1128,E1129,E1130,E1131,E1132,E1133,E1134,E1135,E1136,E1137,E1138,E1139,E1200,E1201,E1205,E1206,E1300,E1301,E1302,E1303,E1304,E1305,E1306,E1310,E1700,E1701 --msg-template='{line},{column},{category},{symbol}:{msg}' --reports=n --output-format=text ~/CITS3403Project/app/__init__.py
cwd: ~/CITS3403Project
> ~/CITS3403Project/venv/bin/python3.6 ~/.vscode/extensions/ms-python.python-2020.4.74986/pythonFiles/pyvsc-run-isolated.py pylint --disable=all --enable=F,unreachable,duplicate-key,unnecessary-semicolon,global-variable-not-assigned,unused-variable,unused-wildcard-import,binary-op-exception,bad-format-string,anomalous-backslash-in-string,bad-open-mode,E0001,E0011,E0012,E0100,E0101,E0102,E0103,E0104,E0105,E0107,E0108,E0110,E0111,E0112,E0113,E0114,E0115,E0116,E0117,E0118,E0202,E0203,E0211,E0213,E0236,E0237,E0238,E0239,E0240,E0241,E0301,E0302,E0303,E0401,E0402,E0601,E0602,E0603,E0604,E0611,E0632,E0633,E0701,E0702,E0703,E0704,E0710,E0711,E0712,E1003,E1101,E1102,E1111,E1120,E1121,E1123,E1124,E1125,E1126,E1127,E1128,E1129,E1130,E1131,E1132,E1133,E1134,E1135,E1136,E1137,E1138,E1139,E1200,E1201,E1205,E1206,E1300,E1301,E1302,E1303,E1304,E1305,E1306,E1310,E1700,E1701 --msg-template='{line},{column},{category},{symbol}:{msg}' --reports=n --output-format=text ~/CITS3403Project/app/__init__.py
cwd: ~/CITS3403Project
##########Linting Output - pylint##########

--------------------------------------------------------------------
Your code has been rated at 10.00/10 (previous run: 10.00/10, +0.00)

> ~/CITS3403Project/venv/bin/python3.6 ~/.vscode/extensions/ms-python.python-2020.4.74986/pythonFiles/pyvsc-run-isolated.py pylint --disable=all --enable=F,unreachable,duplicate-key,unnecessary-semicolon,global-variable-not-assigned,unused-variable,unused-wildcard-import,binary-op-exception,bad-format-string,anomalous-backslash-in-string,bad-open-mode,E0001,E0011,E0012,E0100,E0101,E0102,E0103,E0104,E0105,E0107,E0108,E0110,E0111,E0112,E0113,E0114,E0115,E0116,E0117,E0118,E0202,E0203,E0211,E0213,E0236,E0237,E0238,E0239,E0240,E0241,E0301,E0302,E0303,E0401,E0402,E0601,E0602,E0603,E0604,E0611,E0632,E0633,E0701,E0702,E0703,E0704,E0710,E0711,E0712,E1003,E1101,E1102,E1111,E1120,E1121,E1123,E1124,E1125,E1126,E1127,E1128,E1129,E1130,E1131,E1132,E1133,E1134,E1135,E1136,E1137,E1138,E1139,E1200,E1201,E1205,E1206,E1300,E1301,E1302,E1303,E1304,E1305,E1306,E1310,E1700,E1701 --msg-template='{line},{column},{category},{symbol}:{msg}' --reports=n --output-format=text ~/CITS3403Project/app/__init__.py
cwd: ~/CITS3403Project
> ~/CITS3403Project/venv/bin/python3.6 ~/.vscode/extensions/ms-python.python-2020.4.74986/pythonFiles/pyvsc-run-isolated.py pylint --disable=all --enable=F,unreachable,duplicate-key,unnecessary-semicolon,global-variable-not-assigned,unused-variable,unused-wildcard-import,binary-op-exception,bad-format-string,anomalous-backslash-in-string,bad-open-mode,E0001,E0011,E0012,E0100,E0101,E0102,E0103,E0104,E0105,E0107,E0108,E0110,E0111,E0112,E0113,E0114,E0115,E0116,E0117,E0118,E0202,E0203,E0211,E0213,E0236,E0237,E0238,E0239,E0240,E0241,E0301,E0302,E0303,E0401,E0402,E0601,E0602,E0603,E0604,E0611,E0632,E0633,E0701,E0702,E0703,E0704,E0710,E0711,E0712,E1003,E1101,E1102,E1111,E1120,E1121,E1123,E1124,E1125,E1126,E1127,E1128,E1129,E1130,E1131,E1132,E1133,E1134,E1135,E1136,E1137,E1138,E1139,E1200,E1201,E1205,E1206,E1300,E1301,E1302,E1303,E1304,E1305,E1306,E1310,E1700,E1701 --msg-template='{line},{column},{category},{symbol}:{msg}' --reports=n --output-format=text ~/CITS3403Project/app/__init__.py
cwd: ~/CITS3403Project
##########Linting Output - pylint##########
************* Module app
12,5,error,undefined-variable:Undefined variable 'SQLAlchemy'

-------------------------------------------------------------------
Your code has been rated at 2.86/10 (previous run: 10.00/10, -7.14)

> ~/CITS3403Project/venv/bin/python3.6 ~/.vscode/extensions/ms-python.python-2020.4.74986/pythonFiles/pyvsc-run-isolated.py pylint --disable=all --enable=F,unreachable,duplicate-key,unnecessary-semicolon,global-variable-not-assigned,unused-variable,unused-wildcard-import,binary-op-exception,bad-format-string,anomalous-backslash-in-string,bad-open-mode,E0001,E0011,E0012,E0100,E0101,E0102,E0103,E0104,E0105,E0107,E0108,E0110,E0111,E0112,E0113,E0114,E0115,E0116,E0117,E0118,E0202,E0203,E0211,E0213,E0236,E0237,E0238,E0239,E0240,E0241,E0301,E0302,E0303,E0401,E0402,E0601,E0602,E0603,E0604,E0611,E0632,E0633,E0701,E0702,E0703,E0704,E0710,E0711,E0712,E1003,E1101,E1102,E1111,E1120,E1121,E1123,E1124,E1125,E1126,E1127,E1128,E1129,E1130,E1131,E1132,E1133,E1134,E1135,E1136,E1137,E1138,E1139,E1200,E1201,E1205,E1206,E1300,E1301,E1302,E1303,E1304,E1305,E1306,E1310,E1700,E1701 --msg-template='{line},{column},{category},{symbol}:{msg}' --reports=n --output-format=text ~/CITS3403Project/app/data.py
cwd: ~/CITS3403Project
> ~/CITS3403Project/venv/bin/python3.6 ~/.vscode/extensions/ms-python.python-2020.4.74986/pythonFiles/pyvsc-run-isolated.py pylint --disable=all --enable=F,unreachable,duplicate-key,unnecessary-semicolon,global-variable-not-assigned,unused-variable,unused-wildcard-import,binary-op-exception,bad-format-string,anomalous-backslash-in-string,bad-open-mode,E0001,E0011,E0012,E0100,E0101,E0102,E0103,E0104,E0105,E0107,E0108,E0110,E0111,E0112,E0113,E0114,E0115,E0116,E0117,E0118,E0202,E0203,E0211,E0213,E0236,E0237,E0238,E0239,E0240,E0241,E0301,E0302,E0303,E0401,E0402,E0601,E0602,E0603,E0604,E0611,E0632,E0633,E0701,E0702,E0703,E0704,E0710,E0711,E0712,E1003,E1101,E1102,E1111,E1120,E1121,E1123,E1124,E1125,E1126,E1127,E1128,E1129,E1130,E1131,E1132,E1133,E1134,E1135,E1136,E1137,E1138,E1139,E1200,E1201,E1205,E1206,E1300,E1301,E1302,E1303,E1304,E1305,E1306,E1310,E1700,E1701 --msg-template='{line},{column},{category},{symbol}:{msg}' --reports=n --output-format=text ~/CITS3403Project/app/data.py
cwd: ~/CITS3403Project
##########Linting Output - pylint##########
************* Module app.data
9,19,error,undefined-variable:Undefined variable 'db'
12,11,error,undefined-variable:Undefined variable 'db'
14,9,error,undefined-variable:Undefined variable 'db'
14,19,error,undefined-variable:Undefined variable 'db'
15,11,error,undefined-variable:Undefined variable 'db'
15,21,error,undefined-variable:Undefined variable 'db'
16,12,error,undefined-variable:Undefined variable 'db'
16,22,error,undefined-variable:Undefined variable 'db'
17,15,error,undefined-variable:Undefined variable 'db'
17,25,error,undefined-variable:Undefined variable 'db'

-----------------------------------------------------------------------
Your code has been rated at -28.46/10 (previous run: -18.12/10, -10.34)

> ~/CITS3403Project/venv/bin/python3.6 ~/.vscode/extensions/ms-python.python-2020.4.74986/pythonFiles/pyvsc-run-isolated.py pylint --disable=all --enable=F,unreachable,duplicate-key,unnecessary-semicolon,global-variable-not-assigned,unused-variable,unused-wildcard-import,binary-op-exception,bad-format-string,anomalous-backslash-in-string,bad-open-mode,E0001,E0011,E0012,E0100,E0101,E0102,E0103,E0104,E0105,E0107,E0108,E0110,E0111,E0112,E0113,E0114,E0115,E0116,E0117,E0118,E0202,E0203,E0211,E0213,E0236,E0237,E0238,E0239,E0240,E0241,E0301,E0302,E0303,E0401,E0402,E0601,E0602,E0603,E0604,E0611,E0632,E0633,E0701,E0702,E0703,E0704,E0710,E0711,E0712,E1003,E1101,E1102,E1111,E1120,E1121,E1123,E1124,E1125,E1126,E1127,E1128,E1129,E1130,E1131,E1132,E1133,E1134,E1135,E1136,E1137,E1138,E1139,E1200,E1201,E1205,E1206,E1300,E1301,E1302,E1303,E1304,E1305,E1306,E1310,E1700,E1701 --msg-template='{line},{column},{category},{symbol}:{msg}' --reports=n --output-format=text ~/CITS3403Project/app/models.py
cwd: ~/CITS3403Project
> ~/CITS3403Project/venv/bin/python3.6 ~/.vscode/extensions/ms-python.python-2020.4.74986/pythonFiles/pyvsc-run-isolated.py pylint --disable=all --enable=F,unreachable,duplicate-key,unnecessary-semicolon,global-variable-not-assigned,unused-variable,unused-wildcard-import,binary-op-exception,bad-format-string,anomalous-backslash-in-string,bad-open-mode,E0001,E0011,E0012,E0100,E0101,E0102,E0103,E0104,E0105,E0107,E0108,E0110,E0111,E0112,E0113,E0114,E0115,E0116,E0117,E0118,E0202,E0203,E0211,E0213,E0236,E0237,E0238,E0239,E0240,E0241,E0301,E0302,E0303,E0401,E0402,E0601,E0602,E0603,E0604,E0611,E0632,E0633,E0701,E0702,E0703,E0704,E0710,E0711,E0712,E1003,E1101,E1102,E1111,E1120,E1121,E1123,E1124,E1125,E1126,E1127,E1128,E1129,E1130,E1131,E1132,E1133,E1134,E1135,E1136,E1137,E1138,E1139,E1200,E1201,E1205,E1206,E1300,E1301,E1302,E1303,E1304,E1305,E1306,E1310,E1700,E1701 --msg-template='{line},{column},{category},{symbol}:{msg}' --reports=n --output-format=text ~/CITS3403Project/app/models.py
cwd: ~/CITS3403Project
##########Linting Output - pylint##########
************* Module app.models
9,19,error,undefined-variable:Undefined variable 'db'
12,11,error,undefined-variable:Undefined variable 'db'
14,9,error,undefined-variable:Undefined variable 'db'
14,19,error,undefined-variable:Undefined variable 'db'
15,11,error,undefined-variable:Undefined variable 'db'
15,21,error,undefined-variable:Undefined variable 'db'
16,12,error,undefined-variable:Undefined variable 'db'
16,22,error,undefined-variable:Undefined variable 'db'
17,15,error,undefined-variable:Undefined variable 'db'
17,25,error,undefined-variable:Undefined variable 'db'

-------------------------------------
Your code has been rated at -28.46/10

> ~/CITS3403Project/venv/bin/python3.6 ~/.vscode/extensions/ms-python.python-2020.4.74986/pythonFiles/pyvsc-run-isolated.py pylint --disable=all --enable=F,unreachable,duplicate-key,unnecessary-semicolon,global-variable-not-assigned,unused-variable,unused-wildcard-import,binary-op-exception,bad-format-string,anomalous-backslash-in-string,bad-open-mode,E0001,E0011,E0012,E0100,E0101,E0102,E0103,E0104,E0105,E0107,E0108,E0110,E0111,E0112,E0113,E0114,E0115,E0116,E0117,E0118,E0202,E0203,E0211,E0213,E0236,E0237,E0238,E0239,E0240,E0241,E0301,E0302,E0303,E0401,E0402,E0601,E0602,E0603,E0604,E0611,E0632,E0633,E0701,E0702,E0703,E0704,E0710,E0711,E0712,E1003,E1101,E1102,E1111,E1120,E1121,E1123,E1124,E1125,E1126,E1127,E1128,E1129,E1130,E1131,E1132,E1133,E1134,E1135,E1136,E1137,E1138,E1139,E1200,E1201,E1205,E1206,E1300,E1301,E1302,E1303,E1304,E1305,E1306,E1310,E1700,E1701 --msg-template='{line},{column},{category},{symbol}:{msg}' --reports=n --output-format=text ~/CITS3403Project/app/__init__.py
cwd: ~/CITS3403Project
> ~/CITS3403Project/venv/bin/python3.6 ~/.vscode/extensions/ms-python.python-2020.4.74986/pythonFiles/pyvsc-run-isolated.py pylint --disable=all --enable=F,unreachable,duplicate-key,unnecessary-semicolon,global-variable-not-assigned,unused-variable,unused-wildcard-import,binary-op-exception,bad-format-string,anomalous-backslash-in-string,bad-open-mode,E0001,E0011,E0012,E0100,E0101,E0102,E0103,E0104,E0105,E0107,E0108,E0110,E0111,E0112,E0113,E0114,E0115,E0116,E0117,E0118,E0202,E0203,E0211,E0213,E0236,E0237,E0238,E0239,E0240,E0241,E0301,E0302,E0303,E0401,E0402,E0601,E0602,E0603,E0604,E0611,E0632,E0633,E0701,E0702,E0703,E0704,E0710,E0711,E0712,E1003,E1101,E1102,E1111,E1120,E1121,E1123,E1124,E1125,E1126,E1127,E1128,E1129,E1130,E1131,E1132,E1133,E1134,E1135,E1136,E1137,E1138,E1139,E1200,E1201,E1205,E1206,E1300,E1301,E1302,E1303,E1304,E1305,E1306,E1310,E1700,E1701 --msg-template='{line},{column},{category},{symbol}:{msg}' --reports=n --output-format=text ~/CITS3403Project/app/__init__.py
cwd: ~/CITS3403Project
> ~/CITS3403Project/venv/bin/python3.6 ~/.vscode/extensions/ms-python.python-2020.4.74986/pythonFiles/pyvsc-run-isolated.py pylint --disable=all --enable=F,unreachable,duplicate-key,unnecessary-semicolon,global-variable-not-assigned,unused-variable,unused-wildcard-import,binary-op-exception,bad-format-string,anomalous-backslash-in-string,bad-open-mode,E0001,E0011,E0012,E0100,E0101,E0102,E0103,E0104,E0105,E0107,E0108,E0110,E0111,E0112,E0113,E0114,E0115,E0116,E0117,E0118,E0202,E0203,E0211,E0213,E0236,E0237,E0238,E0239,E0240,E0241,E0301,E0302,E0303,E0401,E0402,E0601,E0602,E0603,E0604,E0611,E0632,E0633,E0701,E0702,E0703,E0704,E0710,E0711,E0712,E1003,E1101,E1102,E1111,E1120,E1121,E1123,E1124,E1125,E1126,E1127,E1128,E1129,E1130,E1131,E1132,E1133,E1134,E1135,E1136,E1137,E1138,E1139,E1200,E1201,E1205,E1206,E1300,E1301,E1302,E1303,E1304,E1305,E1306,E1310,E1700,E1701 --msg-template='{line},{column},{category},{symbol}:{msg}' --reports=n --output-format=text ~/CITS3403Project/app/routes.py
cwd: ~/CITS3403Project
> ~/CITS3403Project/venv/bin/python3.6 ~/.vscode/extensions/ms-python.python-2020.4.74986/pythonFiles/pyvsc-run-isolated.py pylint --disable=all --enable=F,unreachable,duplicate-key,unnecessary-semicolon,global-variable-not-assigned,unused-variable,unused-wildcard-import,binary-op-exception,bad-format-string,anomalous-backslash-in-string,bad-open-mode,E0001,E0011,E0012,E0100,E0101,E0102,E0103,E0104,E0105,E0107,E0108,E0110,E0111,E0112,E0113,E0114,E0115,E0116,E0117,E0118,E0202,E0203,E0211,E0213,E0236,E0237,E0238,E0239,E0240,E0241,E0301,E0302,E0303,E0401,E0402,E0601,E0602,E0603,E0604,E0611,E0632,E0633,E0701,E0702,E0703,E0704,E0710,E0711,E0712,E1003,E1101,E1102,E1111,E1120,E1121,E1123,E1124,E1125,E1126,E1127,E1128,E1129,E1130,E1131,E1132,E1133,E1134,E1135,E1136,E1137,E1138,E1139,E1200,E1201,E1205,E1206,E1300,E1301,E1302,E1303,E1304,E1305,E1306,E1310,E1700,E1701 --msg-template='{line},{column},{category},{symbol}:{msg}' --reports=n --output-format=text ~/CITS3403Project/app/routes.py
cwd: ~/CITS3403Project
##########Linting Output - pylint##########
************* Module app
12,5,error,undefined-variable:Undefined variable 'SQLAlchemy'

------------------------------------------------------------------
Your code has been rated at 2.86/10 (previous run: 2.86/10, +0.00)

##########Linting Output - pylint##########
************* Module app.routes
57,0,warning,anomalous-backslash-in-string:Anomalous backslash in string: '\s'. String constant might be missing an r prefix.
57,0,warning,anomalous-backslash-in-string:Anomalous backslash in string: '\s'. String constant might be missing an r prefix.
63,0,warning,anomalous-backslash-in-string:Anomalous backslash in string: '\s'. String constant might be missing an r prefix.
63,0,warning,anomalous-backslash-in-string:Anomalous backslash in string: '\s'. String constant might be missing an r prefix.

------------------------------------------------------------------
Your code has been rated at 9.02/10 (previous run: 6.59/10, +2.44)

> ~/CITS3403Project/venv/bin/python3.6 ~/.vscode/extensions/ms-python.python-2020.4.74986/pythonFiles/pyvsc-run-isolated.py pylint --disable=all --enable=F,unreachable,duplicate-key,unnecessary-semicolon,global-variable-not-assigned,unused-variable,unused-wildcard-import,binary-op-exception,bad-format-string,anomalous-backslash-in-string,bad-open-mode,E0001,E0011,E0012,E0100,E0101,E0102,E0103,E0104,E0105,E0107,E0108,E0110,E0111,E0112,E0113,E0114,E0115,E0116,E0117,E0118,E0202,E0203,E0211,E0213,E0236,E0237,E0238,E0239,E0240,E0241,E0301,E0302,E0303,E0401,E0402,E0601,E0602,E0603,E0604,E0611,E0632,E0633,E0701,E0702,E0703,E0704,E0710,E0711,E0712,E1003,E1101,E1102,E1111,E1120,E1121,E1123,E1124,E1125,E1126,E1127,E1128,E1129,E1130,E1131,E1132,E1133,E1134,E1135,E1136,E1137,E1138,E1139,E1200,E1201,E1205,E1206,E1300,E1301,E1302,E1303,E1304,E1305,E1306,E1310,E1700,E1701 --msg-template='{line},{column},{category},{symbol}:{msg}' --reports=n --output-format=text ~/CITS3403Project/app/forms.py
cwd: ~/CITS3403Project
> ~/CITS3403Project/venv/bin/python3.6 ~/.vscode/extensions/ms-python.python-2020.4.74986/pythonFiles/pyvsc-run-isolated.py pylint --disable=all --enable=F,unreachable,duplicate-key,unnecessary-semicolon,global-variable-not-assigned,unused-variable,unused-wildcard-import,binary-op-exception,bad-format-string,anomalous-backslash-in-string,bad-open-mode,E0001,E0011,E0012,E0100,E0101,E0102,E0103,E0104,E0105,E0107,E0108,E0110,E0111,E0112,E0113,E0114,E0115,E0116,E0117,E0118,E0202,E0203,E0211,E0213,E0236,E0237,E0238,E0239,E0240,E0241,E0301,E0302,E0303,E0401,E0402,E0601,E0602,E0603,E0604,E0611,E0632,E0633,E0701,E0702,E0703,E0704,E0710,E0711,E0712,E1003,E1101,E1102,E1111,E1120,E1121,E1123,E1124,E1125,E1126,E1127,E1128,E1129,E1130,E1131,E1132,E1133,E1134,E1135,E1136,E1137,E1138,E1139,E1200,E1201,E1205,E1206,E1300,E1301,E1302,E1303,E1304,E1305,E1306,E1310,E1700,E1701 --msg-template='{line},{column},{category},{symbol}:{msg}' --reports=n --output-format=text ~/CITS3403Project/app/forms.py
cwd: ~/CITS3403Project
##########Linting Output - pylint##########

--------------------------------------------------------------------
Your code has been rated at 10.00/10 (previous run: 10.00/10, +0.00)

> ~/CITS3403Project/venv/bin/python3.6 ~/.vscode/extensions/ms-python.python-2020.4.74986/pythonFiles/pyvsc-run-isolated.py pylint --disable=all --enable=F,unreachable,duplicate-key,unnecessary-semicolon,global-variable-not-assigned,unused-variable,unused-wildcard-import,binary-op-exception,bad-format-string,anomalous-backslash-in-string,bad-open-mode,E0001,E0011,E0012,E0100,E0101,E0102,E0103,E0104,E0105,E0107,E0108,E0110,E0111,E0112,E0113,E0114,E0115,E0116,E0117,E0118,E0202,E0203,E0211,E0213,E0236,E0237,E0238,E0239,E0240,E0241,E0301,E0302,E0303,E0401,E0402,E0601,E0602,E0603,E0604,E0611,E0632,E0633,E0701,E0702,E0703,E0704,E0710,E0711,E0712,E1003,E1101,E1102,E1111,E1120,E1121,E1123,E1124,E1125,E1126,E1127,E1128,E1129,E1130,E1131,E1132,E1133,E1134,E1135,E1136,E1137,E1138,E1139,E1200,E1201,E1205,E1206,E1300,E1301,E1302,E1303,E1304,E1305,E1306,E1310,E1700,E1701 --msg-template='{line},{column},{category},{symbol}:{msg}' --reports=n --output-format=text ~/CITS3403Project/app/__init__.py
cwd: ~/CITS3403Project
> ~/CITS3403Project/venv/bin/python3.6 ~/.vscode/extensions/ms-python.python-2020.4.74986/pythonFiles/pyvsc-run-isolated.py pylint --disable=all --enable=F,unreachable,duplicate-key,unnecessary-semicolon,global-variable-not-assigned,unused-variable,unused-wildcard-import,binary-op-exception,bad-format-string,anomalous-backslash-in-string,bad-open-mode,E0001,E0011,E0012,E0100,E0101,E0102,E0103,E0104,E0105,E0107,E0108,E0110,E0111,E0112,E0113,E0114,E0115,E0116,E0117,E0118,E0202,E0203,E0211,E0213,E0236,E0237,E0238,E0239,E0240,E0241,E0301,E0302,E0303,E0401,E0402,E0601,E0602,E0603,E0604,E0611,E0632,E0633,E0701,E0702,E0703,E0704,E0710,E0711,E0712,E1003,E1101,E1102,E1111,E1120,E1121,E1123,E1124,E1125,E1126,E1127,E1128,E1129,E1130,E1131,E1132,E1133,E1134,E1135,E1136,E1137,E1138,E1139,E1200,E1201,E1205,E1206,E1300,E1301,E1302,E1303,E1304,E1305,E1306,E1310,E1700,E1701 --msg-template='{line},{column},{category},{symbol}:{msg}' --reports=n --output-format=text ~/CITS3403Project/app/__init__.py
cwd: ~/CITS3403Project
##########Linting Output - pylint##########

-------------------------------------------------------------------
Your code has been rated at 10.00/10 (previous run: 2.86/10, +7.14)

> ~/CITS3403Project/venv/bin/python3.6 ~/.vscode/extensions/ms-python.python-2020.4.74986/pythonFiles/pyvsc-run-isolated.py pylint --disable=all --enable=F,unreachable,duplicate-key,unnecessary-semicolon,global-variable-not-assigned,unused-variable,unused-wildcard-import,binary-op-exception,bad-format-string,anomalous-backslash-in-string,bad-open-mode,E0001,E0011,E0012,E0100,E0101,E0102,E0103,E0104,E0105,E0107,E0108,E0110,E0111,E0112,E0113,E0114,E0115,E0116,E0117,E0118,E0202,E0203,E0211,E0213,E0236,E0237,E0238,E0239,E0240,E0241,E0301,E0302,E0303,E0401,E0402,E0601,E0602,E0603,E0604,E0611,E0632,E0633,E0701,E0702,E0703,E0704,E0710,E0711,E0712,E1003,E1101,E1102,E1111,E1120,E1121,E1123,E1124,E1125,E1126,E1127,E1128,E1129,E1130,E1131,E1132,E1133,E1134,E1135,E1136,E1137,E1138,E1139,E1200,E1201,E1205,E1206,E1300,E1301,E1302,E1303,E1304,E1305,E1306,E1310,E1700,E1701 --msg-template='{line},{column},{category},{symbol}:{msg}' --reports=n --output-format=text ~/CITS3403Project/app/models.py
cwd: ~/CITS3403Project
> ~/CITS3403Project/venv/bin/python3.6 ~/.vscode/extensions/ms-python.python-2020.4.74986/pythonFiles/pyvsc-run-isolated.py pylint --disable=all --enable=F,unreachable,duplicate-key,unnecessary-semicolon,global-variable-not-assigned,unused-variable,unused-wildcard-import,binary-op-exception,bad-format-string,anomalous-backslash-in-string,bad-open-mode,E0001,E0011,E0012,E0100,E0101,E0102,E0103,E0104,E0105,E0107,E0108,E0110,E0111,E0112,E0113,E0114,E0115,E0116,E0117,E0118,E0202,E0203,E0211,E0213,E0236,E0237,E0238,E0239,E0240,E0241,E0301,E0302,E0303,E0401,E0402,E0601,E0602,E0603,E0604,E0611,E0632,E0633,E0701,E0702,E0703,E0704,E0710,E0711,E0712,E1003,E1101,E1102,E1111,E1120,E1121,E1123,E1124,E1125,E1126,E1127,E1128,E1129,E1130,E1131,E1132,E1133,E1134,E1135,E1136,E1137,E1138,E1139,E1200,E1201,E1205,E1206,E1300,E1301,E1302,E1303,E1304,E1305,E1306,E1310,E1700,E1701 --msg-template='{line},{column},{category},{symbol}:{msg}' --reports=n --output-format=text ~/CITS3403Project/app/models.py
cwd: ~/CITS3403Project
##########Linting Output - pylint##########
************* Module app.models
13,9,error,no-member:Instance of 'SQLAlchemy' has no 'Column' member
13,19,error,no-member:Instance of 'SQLAlchemy' has no 'Integer' member
14,11,error,no-member:Instance of 'SQLAlchemy' has no 'Column' member
14,21,error,no-member:Instance of 'SQLAlchemy' has no 'String' member
15,12,error,no-member:Instance of 'SQLAlchemy' has no 'Column' member
15,22,error,no-member:Instance of 'SQLAlchemy' has no 'String' member
16,15,error,no-member:Instance of 'SQLAlchemy' has no 'Column' member
16,25,error,no-member:Instance of 'SQLAlchemy' has no 'String' member

----------------------------------------------------------------------
Your code has been rated at -20.77/10 (previous run: -28.46/10, +7.69)

> ~/CITS3403Project/venv/bin/python3.6 ~/.vscode/extensions/ms-python.python-2020.4.74986/pythonFiles/pyvsc-run-isolated.py pylint --disable=all --enable=F,unreachable,duplicate-key,unnecessary-semicolon,global-variable-not-assigned,unused-variable,unused-wildcard-import,binary-op-exception,bad-format-string,anomalous-backslash-in-string,bad-open-mode,E0001,E0011,E0012,E0100,E0101,E0102,E0103,E0104,E0105,E0107,E0108,E0110,E0111,E0112,E0113,E0114,E0115,E0116,E0117,E0118,E0202,E0203,E0211,E0213,E0236,E0237,E0238,E0239,E0240,E0241,E0301,E0302,E0303,E0401,E0402,E0601,E0602,E0603,E0604,E0611,E0632,E0633,E0701,E0702,E0703,E0704,E0710,E0711,E0712,E1003,E1101,E1102,E1111,E1120,E1121,E1123,E1124,E1125,E1126,E1127,E1128,E1129,E1130,E1131,E1132,E1133,E1134,E1135,E1136,E1137,E1138,E1139,E1200,E1201,E1205,E1206,E1300,E1301,E1302,E1303,E1304,E1305,E1306,E1310,E1700,E1701 --msg-template='{line},{column},{category},{symbol}:{msg}' --reports=n --output-format=text ~/CITS3403Project/app/routes.py
cwd: ~/CITS3403Project
> ~/CITS3403Project/venv/bin/python3.6 ~/.vscode/extensions/ms-python.python-2020.4.74986/pythonFiles/pyvsc-run-isolated.py pylint --disable=all --enable=F,unreachable,duplicate-key,unnecessary-semicolon,global-variable-not-assigned,unused-variable,unused-wildcard-import,binary-op-exception,bad-format-string,anomalous-backslash-in-string,bad-open-mode,E0001,E0011,E0012,E0100,E0101,E0102,E0103,E0104,E0105,E0107,E0108,E0110,E0111,E0112,E0113,E0114,E0115,E0116,E0117,E0118,E0202,E0203,E0211,E0213,E0236,E0237,E0238,E0239,E0240,E0241,E0301,E0302,E0303,E0401,E0402,E0601,E0602,E0603,E0604,E0611,E0632,E0633,E0701,E0702,E0703,E0704,E0710,E0711,E0712,E1003,E1101,E1102,E1111,E1120,E1121,E1123,E1124,E1125,E1126,E1127,E1128,E1129,E1130,E1131,E1132,E1133,E1134,E1135,E1136,E1137,E1138,E1139,E1200,E1201,E1205,E1206,E1300,E1301,E1302,E1303,E1304,E1305,E1306,E1310,E1700,E1701 --msg-template='{line},{column},{category},{symbol}:{msg}' --reports=n --output-format=text ~/CITS3403Project/app/routes.py
cwd: ~/CITS3403Project
##########Linting Output - pylint##########
************* Module app.routes
59,0,warning,anomalous-backslash-in-string:Anomalous backslash in string: '\s'. String constant might be missing an r prefix.
59,0,warning,anomalous-backslash-in-string:Anomalous backslash in string: '\s'. String constant might be missing an r prefix.
65,0,warning,anomalous-backslash-in-string:Anomalous backslash in string: '\s'. String constant might be missing an r prefix.
65,0,warning,anomalous-backslash-in-string:Anomalous backslash in string: '\s'. String constant might be missing an r prefix.
25,8,error,no-member:Instance of 'scoped_session' has no 'add' member
26,8,error,no-member:Instance of 'scoped_session' has no 'commit' member

------------------------------------------------------------------
Your code has been rated at 6.50/10 (previous run: 9.02/10, -2.52)

> ~/CITS3403Project/venv/bin/python3.6 ~/.vscode/extensions/ms-python.python-2020.4.74986/pythonFiles/pyvsc-run-isolated.py pylint --disable=all --enable=F,unreachable,duplicate-key,unnecessary-semicolon,global-variable-not-assigned,unused-variable,unused-wildcard-import,binary-op-exception,bad-format-string,anomalous-backslash-in-string,bad-open-mode,E0001,E0011,E0012,E0100,E0101,E0102,E0103,E0104,E0105,E0107,E0108,E0110,E0111,E0112,E0113,E0114,E0115,E0116,E0117,E0118,E0202,E0203,E0211,E0213,E0236,E0237,E0238,E0239,E0240,E0241,E0301,E0302,E0303,E0401,E0402,E0601,E0602,E0603,E0604,E0611,E0632,E0633,E0701,E0702,E0703,E0704,E0710,E0711,E0712,E1003,E1101,E1102,E1111,E1120,E1121,E1123,E1124,E1125,E1126,E1127,E1128,E1129,E1130,E1131,E1132,E1133,E1134,E1135,E1136,E1137,E1138,E1139,E1200,E1201,E1205,E1206,E1300,E1301,E1302,E1303,E1304,E1305,E1306,E1310,E1700,E1701 --msg-template='{line},{column},{category},{symbol}:{msg}' --reports=n --output-format=text ~/CITS3403Project/app/routes.py
cwd: ~/CITS3403Project
> ~/CITS3403Project/venv/bin/python3.6 ~/.vscode/extensions/ms-python.python-2020.4.74986/pythonFiles/pyvsc-run-isolated.py pylint --disable=all --enable=F,unreachable,duplicate-key,unnecessary-semicolon,global-variable-not-assigned,unused-variable,unused-wildcard-import,binary-op-exception,bad-format-string,anomalous-backslash-in-string,bad-open-mode,E0001,E0011,E0012,E0100,E0101,E0102,E0103,E0104,E0105,E0107,E0108,E0110,E0111,E0112,E0113,E0114,E0115,E0116,E0117,E0118,E0202,E0203,E0211,E0213,E0236,E0237,E0238,E0239,E0240,E0241,E0301,E0302,E0303,E0401,E0402,E0601,E0602,E0603,E0604,E0611,E0632,E0633,E0701,E0702,E0703,E0704,E0710,E0711,E0712,E1003,E1101,E1102,E1111,E1120,E1121,E1123,E1124,E1125,E1126,E1127,E1128,E1129,E1130,E1131,E1132,E1133,E1134,E1135,E1136,E1137,E1138,E1139,E1200,E1201,E1205,E1206,E1300,E1301,E1302,E1303,E1304,E1305,E1306,E1310,E1700,E1701 --msg-template='{line},{column},{category},{symbol}:{msg}' --reports=n --output-format=text ~/CITS3403Project/app/routes.py
cwd: ~/CITS3403Project
##########Linting Output - pylint##########
************* Module app.routes
59,0,warning,anomalous-backslash-in-string:Anomalous backslash in string: '\s'. String constant might be missing an r prefix.
59,0,warning,anomalous-backslash-in-string:Anomalous backslash in string: '\s'. String constant might be missing an r prefix.
65,0,warning,anomalous-backslash-in-string:Anomalous backslash in string: '\s'. String constant might be missing an r prefix.
65,0,warning,anomalous-backslash-in-string:Anomalous backslash in string: '\s'. String constant might be missing an r prefix.
25,8,error,no-member:Instance of 'scoped_session' has no 'add' member
26,8,error,no-member:Instance of 'scoped_session' has no 'commit' member

------------------------------------------------------------------
Your code has been rated at 6.50/10 (previous run: 6.50/10, +0.00)

> ~/CITS3403Project/venv/bin/python3.6 ~/.vscode/extensions/ms-python.python-2020.4.74986/pythonFiles/pyvsc-run-isolated.py pylint --disable=all --enable=F,unreachable,duplicate-key,unnecessary-semicolon,global-variable-not-assigned,unused-variable,unused-wildcard-import,binary-op-exception,bad-format-string,anomalous-backslash-in-string,bad-open-mode,E0001,E0011,E0012,E0100,E0101,E0102,E0103,E0104,E0105,E0107,E0108,E0110,E0111,E0112,E0113,E0114,E0115,E0116,E0117,E0118,E0202,E0203,E0211,E0213,E0236,E0237,E0238,E0239,E0240,E0241,E0301,E0302,E0303,E0401,E0402,E0601,E0602,E0603,E0604,E0611,E0632,E0633,E0701,E0702,E0703,E0704,E0710,E0711,E0712,E1003,E1101,E1102,E1111,E1120,E1121,E1123,E1124,E1125,E1126,E1127,E1128,E1129,E1130,E1131,E1132,E1133,E1134,E1135,E1136,E1137,E1138,E1139,E1200,E1201,E1205,E1206,E1300,E1301,E1302,E1303,E1304,E1305,E1306,E1310,E1700,E1701 --msg-template='{line},{column},{category},{symbol}:{msg}' --reports=n --output-format=text ~/CITS3403Project/app/routes.py
cwd: ~/CITS3403Project
> ~/CITS3403Project/venv/bin/python3.6 ~/.vscode/extensions/ms-python.python-2020.4.74986/pythonFiles/pyvsc-run-isolated.py pylint --disable=all --enable=F,unreachable,duplicate-key,unnecessary-semicolon,global-variable-not-assigned,unused-variable,unused-wildcard-import,binary-op-exception,bad-format-string,anomalous-backslash-in-string,bad-open-mode,E0001,E0011,E0012,E0100,E0101,E0102,E0103,E0104,E0105,E0107,E0108,E0110,E0111,E0112,E0113,E0114,E0115,E0116,E0117,E0118,E0202,E0203,E0211,E0213,E0236,E0237,E0238,E0239,E0240,E0241,E0301,E0302,E0303,E0401,E0402,E0601,E0602,E0603,E0604,E0611,E0632,E0633,E0701,E0702,E0703,E0704,E0710,E0711,E0712,E1003,E1101,E1102,E1111,E1120,E1121,E1123,E1124,E1125,E1126,E1127,E1128,E1129,E1130,E1131,E1132,E1133,E1134,E1135,E1136,E1137,E1138,E1139,E1200,E1201,E1205,E1206,E1300,E1301,E1302,E1303,E1304,E1305,E1306,E1310,E1700,E1701 --msg-template='{line},{column},{category},{symbol}:{msg}' --reports=n --output-format=text ~/CITS3403Project/app/routes.py
cwd: ~/CITS3403Project
##########Linting Output - pylint##########
************* Module app.routes
58,0,warning,anomalous-backslash-in-string:Anomalous backslash in string: '\s'. String constant might be missing an r prefix.
58,0,warning,anomalous-backslash-in-string:Anomalous backslash in string: '\s'. String constant might be missing an r prefix.
64,0,warning,anomalous-backslash-in-string:Anomalous backslash in string: '\s'. String constant might be missing an r prefix.
64,0,warning,anomalous-backslash-in-string:Anomalous backslash in string: '\s'. String constant might be missing an r prefix.
24,12,error,no-member:Instance of 'scoped_session' has no 'add' member
25,12,error,no-member:Instance of 'scoped_session' has no 'commit' member

------------------------------------------------------------------
Your code has been rated at 6.59/10 (previous run: 6.50/10, +0.09)

> ~/CITS3403Project/venv/bin/python3.6 ~/.vscode/extensions/ms-python.python-2020.4.74986/pythonFiles/pyvsc-run-isolated.py pylint --disable=all --enable=F,unreachable,duplicate-key,unnecessary-semicolon,global-variable-not-assigned,unused-variable,unused-wildcard-import,binary-op-exception,bad-format-string,anomalous-backslash-in-string,bad-open-mode,E0001,E0011,E0012,E0100,E0101,E0102,E0103,E0104,E0105,E0107,E0108,E0110,E0111,E0112,E0113,E0114,E0115,E0116,E0117,E0118,E0202,E0203,E0211,E0213,E0236,E0237,E0238,E0239,E0240,E0241,E0301,E0302,E0303,E0401,E0402,E0601,E0602,E0603,E0604,E0611,E0632,E0633,E0701,E0702,E0703,E0704,E0710,E0711,E0712,E1003,E1101,E1102,E1111,E1120,E1121,E1123,E1124,E1125,E1126,E1127,E1128,E1129,E1130,E1131,E1132,E1133,E1134,E1135,E1136,E1137,E1138,E1139,E1200,E1201,E1205,E1206,E1300,E1301,E1302,E1303,E1304,E1305,E1306,E1310,E1700,E1701 --msg-template='{line},{column},{category},{symbol}:{msg}' --reports=n --output-format=text ~/CITS3403Project/app/models.py
cwd: ~/CITS3403Project
> ~/CITS3403Project/venv/bin/python3.6 ~/.vscode/extensions/ms-python.python-2020.4.74986/pythonFiles/pyvsc-run-isolated.py pylint --disable=all --enable=F,unreachable,duplicate-key,unnecessary-semicolon,global-variable-not-assigned,unused-variable,unused-wildcard-import,binary-op-exception,bad-format-string,anomalous-backslash-in-string,bad-open-mode,E0001,E0011,E0012,E0100,E0101,E0102,E0103,E0104,E0105,E0107,E0108,E0110,E0111,E0112,E0113,E0114,E0115,E0116,E0117,E0118,E0202,E0203,E0211,E0213,E0236,E0237,E0238,E0239,E0240,E0241,E0301,E0302,E0303,E0401,E0402,E0601,E0602,E0603,E0604,E0611,E0632,E0633,E0701,E0702,E0703,E0704,E0710,E0711,E0712,E1003,E1101,E1102,E1111,E1120,E1121,E1123,E1124,E1125,E1126,E1127,E1128,E1129,E1130,E1131,E1132,E1133,E1134,E1135,E1136,E1137,E1138,E1139,E1200,E1201,E1205,E1206,E1300,E1301,E1302,E1303,E1304,E1305,E1306,E1310,E1700,E1701 --msg-template='{line},{column},{category},{symbol}:{msg}' --reports=n --output-format=text ~/CITS3403Project/app/models.py
cwd: ~/CITS3403Project
##########Linting Output - pylint##########
************* Module app.models
13,9,error,no-member:Instance of 'SQLAlchemy' has no 'Column' member
13,19,error,no-member:Instance of 'SQLAlchemy' has no 'Integer' member
14,11,error,no-member:Instance of 'SQLAlchemy' has no 'Column' member
14,21,error,no-member:Instance of 'SQLAlchemy' has no 'String' member
15,12,error,no-member:Instance of 'SQLAlchemy' has no 'Column' member
15,22,error,no-member:Instance of 'SQLAlchemy' has no 'String' member
16,15,error,no-member:Instance of 'SQLAlchemy' has no 'Column' member
16,25,error,no-member:Instance of 'SQLAlchemy' has no 'String' member

----------------------------------------------------------------------
Your code has been rated at -20.77/10 (previous run: -20.77/10, +0.00)

> ~/CITS3403Project/venv/bin/python3.6 ~/.vscode/extensions/ms-python.python-2020.4.74986/pythonFiles/pyvsc-run-isolated.py pylint --disable=all --enable=F,unreachable,duplicate-key,unnecessary-semicolon,global-variable-not-assigned,unused-variable,unused-wildcard-import,binary-op-exception,bad-format-string,anomalous-backslash-in-string,bad-open-mode,E0001,E0011,E0012,E0100,E0101,E0102,E0103,E0104,E0105,E0107,E0108,E0110,E0111,E0112,E0113,E0114,E0115,E0116,E0117,E0118,E0202,E0203,E0211,E0213,E0236,E0237,E0238,E0239,E0240,E0241,E0301,E0302,E0303,E0401,E0402,E0601,E0602,E0603,E0604,E0611,E0632,E0633,E0701,E0702,E0703,E0704,E0710,E0711,E0712,E1003,E1101,E1102,E1111,E1120,E1121,E1123,E1124,E1125,E1126,E1127,E1128,E1129,E1130,E1131,E1132,E1133,E1134,E1135,E1136,E1137,E1138,E1139,E1200,E1201,E1205,E1206,E1300,E1301,E1302,E1303,E1304,E1305,E1306,E1310,E1700,E1701 --msg-template='{line},{column},{category},{symbol}:{msg}' --reports=n --output-format=text ~/CITS3403Project/app/models.py
cwd: ~/CITS3403Project
> ~/CITS3403Project/venv/bin/python3.6 ~/.vscode/extensions/ms-python.python-2020.4.74986/pythonFiles/pyvsc-run-isolated.py pylint --disable=all --enable=F,unreachable,duplicate-key,unnecessary-semicolon,global-variable-not-assigned,unused-variable,unused-wildcard-import,binary-op-exception,bad-format-string,anomalous-backslash-in-string,bad-open-mode,E0001,E0011,E0012,E0100,E0101,E0102,E0103,E0104,E0105,E0107,E0108,E0110,E0111,E0112,E0113,E0114,E0115,E0116,E0117,E0118,E0202,E0203,E0211,E0213,E0236,E0237,E0238,E0239,E0240,E0241,E0301,E0302,E0303,E0401,E0402,E0601,E0602,E0603,E0604,E0611,E0632,E0633,E0701,E0702,E0703,E0704,E0710,E0711,E0712,E1003,E1101,E1102,E1111,E1120,E1121,E1123,E1124,E1125,E1126,E1127,E1128,E1129,E1130,E1131,E1132,E1133,E1134,E1135,E1136,E1137,E1138,E1139,E1200,E1201,E1205,E1206,E1300,E1301,E1302,E1303,E1304,E1305,E1306,E1310,E1700,E1701 --msg-template='{line},{column},{category},{symbol}:{msg}' --reports=n --output-format=text ~/CITS3403Project/app/models.py
cwd: ~/CITS3403Project
##########Linting Output - pylint##########
************* Module app.models
13,9,error,no-member:Instance of 'SQLAlchemy' has no 'Column' member
13,19,error,no-member:Instance of 'SQLAlchemy' has no 'Integer' member
14,11,error,no-member:Instance of 'SQLAlchemy' has no 'Column' member
14,21,error,no-member:Instance of 'SQLAlchemy' has no 'String' member
15,12,error,no-member:Instance of 'SQLAlchemy' has no 'Column' member
15,22,error,no-member:Instance of 'SQLAlchemy' has no 'String' member
16,15,error,no-member:Instance of 'SQLAlchemy' has no 'Column' member
16,25,error,no-member:Instance of 'SQLAlchemy' has no 'String' member

----------------------------------------------------------------------
Your code has been rated at -20.77/10 (previous run: -20.77/10, +0.00)

> ~/CITS3403Project/venv/bin/python3.6 ~/.vscode/extensions/ms-python.python-2020.4.74986/pythonFiles/pyvsc-run-isolated.py pylint --disable=all --enable=F,unreachable,duplicate-key,unnecessary-semicolon,global-variable-not-assigned,unused-variable,unused-wildcard-import,binary-op-exception,bad-format-string,anomalous-backslash-in-string,bad-open-mode,E0001,E0011,E0012,E0100,E0101,E0102,E0103,E0104,E0105,E0107,E0108,E0110,E0111,E0112,E0113,E0114,E0115,E0116,E0117,E0118,E0202,E0203,E0211,E0213,E0236,E0237,E0238,E0239,E0240,E0241,E0301,E0302,E0303,E0401,E0402,E0601,E0602,E0603,E0604,E0611,E0632,E0633,E0701,E0702,E0703,E0704,E0710,E0711,E0712,E1003,E1101,E1102,E1111,E1120,E1121,E1123,E1124,E1125,E1126,E1127,E1128,E1129,E1130,E1131,E1132,E1133,E1134,E1135,E1136,E1137,E1138,E1139,E1200,E1201,E1205,E1206,E1300,E1301,E1302,E1303,E1304,E1305,E1306,E1310,E1700,E1701 --msg-template='{line},{column},{category},{symbol}:{msg}' --reports=n --output-format=text ~/CITS3403Project/app/routes.py
cwd: ~/CITS3403Project
> ~/CITS3403Project/venv/bin/python3.6 ~/.vscode/extensions/ms-python.python-2020.4.74986/pythonFiles/pyvsc-run-isolated.py pylint --disable=all --enable=F,unreachable,duplicate-key,unnecessary-semicolon,global-variable-not-assigned,unused-variable,unused-wildcard-import,binary-op-exception,bad-format-string,anomalous-backslash-in-string,bad-open-mode,E0001,E0011,E0012,E0100,E0101,E0102,E0103,E0104,E0105,E0107,E0108,E0110,E0111,E0112,E0113,E0114,E0115,E0116,E0117,E0118,E0202,E0203,E0211,E0213,E0236,E0237,E0238,E0239,E0240,E0241,E0301,E0302,E0303,E0401,E0402,E0601,E0602,E0603,E0604,E0611,E0632,E0633,E0701,E0702,E0703,E0704,E0710,E0711,E0712,E1003,E1101,E1102,E1111,E1120,E1121,E1123,E1124,E1125,E1126,E1127,E1128,E1129,E1130,E1131,E1132,E1133,E1134,E1135,E1136,E1137,E1138,E1139,E1200,E1201,E1205,E1206,E1300,E1301,E1302,E1303,E1304,E1305,E1306,E1310,E1700,E1701 --msg-template='{line},{column},{category},{symbol}:{msg}' --reports=n --output-format=text ~/CITS3403Project/app/routes.py
cwd: ~/CITS3403Project
##########Linting Output - pylint##########
************* Module app.routes
59,0,warning,anomalous-backslash-in-string:Anomalous backslash in string: '\s'. String constant might be missing an r prefix.
59,0,warning,anomalous-backslash-in-string:Anomalous backslash in string: '\s'. String constant might be missing an r prefix.
65,0,warning,anomalous-backslash-in-string:Anomalous backslash in string: '\s'. String constant might be missing an r prefix.
65,0,warning,anomalous-backslash-in-string:Anomalous backslash in string: '\s'. String constant might be missing an r prefix.
25,8,error,no-member:Instance of 'scoped_session' has no 'add' member
26,8,error,no-member:Instance of 'scoped_session' has no 'commit' member

------------------------------------------------------------------
Your code has been rated at 6.50/10 (previous run: 6.59/10, -0.09)

> ~/CITS3403Project/venv/bin/python3.6 ~/.vscode/extensions/ms-python.python-2020.4.74986/pythonFiles/pyvsc-run-isolated.py pylint --disable=all --enable=F,unreachable,duplicate-key,unnecessary-semicolon,global-variable-not-assigned,unused-variable,unused-wildcard-import,binary-op-exception,bad-format-string,anomalous-backslash-in-string,bad-open-mode,E0001,E0011,E0012,E0100,E0101,E0102,E0103,E0104,E0105,E0107,E0108,E0110,E0111,E0112,E0113,E0114,E0115,E0116,E0117,E0118,E0202,E0203,E0211,E0213,E0236,E0237,E0238,E0239,E0240,E0241,E0301,E0302,E0303,E0401,E0402,E0601,E0602,E0603,E0604,E0611,E0632,E0633,E0701,E0702,E0703,E0704,E0710,E0711,E0712,E1003,E1101,E1102,E1111,E1120,E1121,E1123,E1124,E1125,E1126,E1127,E1128,E1129,E1130,E1131,E1132,E1133,E1134,E1135,E1136,E1137,E1138,E1139,E1200,E1201,E1205,E1206,E1300,E1301,E1302,E1303,E1304,E1305,E1306,E1310,E1700,E1701 --msg-template='{line},{column},{category},{symbol}:{msg}' --reports=n --output-format=text ~/CITS3403Project/app/models.py
cwd: ~/CITS3403Project
> ~/CITS3403Project/venv/bin/python3.6 ~/.vscode/extensions/ms-python.python-2020.4.74986/pythonFiles/pyvsc-run-isolated.py pylint --disable=all --enable=F,unreachable,duplicate-key,unnecessary-semicolon,global-variable-not-assigned,unused-variable,unused-wildcard-import,binary-op-exception,bad-format-string,anomalous-backslash-in-string,bad-open-mode,E0001,E0011,E0012,E0100,E0101,E0102,E0103,E0104,E0105,E0107,E0108,E0110,E0111,E0112,E0113,E0114,E0115,E0116,E0117,E0118,E0202,E0203,E0211,E0213,E0236,E0237,E0238,E0239,E0240,E0241,E0301,E0302,E0303,E0401,E0402,E0601,E0602,E0603,E0604,E0611,E0632,E0633,E0701,E0702,E0703,E0704,E0710,E0711,E0712,E1003,E1101,E1102,E1111,E1120,E1121,E1123,E1124,E1125,E1126,E1127,E1128,E1129,E1130,E1131,E1132,E1133,E1134,E1135,E1136,E1137,E1138,E1139,E1200,E1201,E1205,E1206,E1300,E1301,E1302,E1303,E1304,E1305,E1306,E1310,E1700,E1701 --msg-template='{line},{column},{category},{symbol}:{msg}' --reports=n --output-format=text ~/CITS3403Project/app/models.py
cwd: ~/CITS3403Project
##########Linting Output - pylint##########
************* Module app.models
13,9,error,no-member:Instance of 'SQLAlchemy' has no 'Column' member
13,19,error,no-member:Instance of 'SQLAlchemy' has no 'Integer' member
14,11,error,no-member:Instance of 'SQLAlchemy' has no 'Column' member
14,21,error,no-member:Instance of 'SQLAlchemy' has no 'String' member
15,12,error,no-member:Instance of 'SQLAlchemy' has no 'Column' member
15,22,error,no-member:Instance of 'SQLAlchemy' has no 'String' member
16,15,error,no-member:Instance of 'SQLAlchemy' has no 'Column' member
16,25,error,no-member:Instance of 'SQLAlchemy' has no 'String' member

----------------------------------------------------------------------
Your code has been rated at -20.77/10 (previous run: -20.77/10, +0.00)

